[Info  - 2:17:37 PM] Initialising intelephense 1.0.14
[Info  - 2:17:37 PM] Reading state from /opt/lampp/htdocs/SuratTugasDosen/User/workspaceStorage/eeb71ef802dd9f43826618385592083e/bmewburn.vscode-intelephense-client/5ae16569.
[Info  - 2:17:38 PM] Initialised in 552 ms
[Info  - 2:17:38 PM] Indexing started.
[Info  - 2:17:39 PM] Indexing ended. 24 files indexed in 0s.
[Info  - 2:23:55 PM] Indexing started.
[Info  - 2:23:55 PM] Indexing ended. 1 files indexed in 0s.
[Info  - 2:24:41 PM] Indexing started.
[Info  - 2:24:42 PM] Indexing ended. 1 files indexed in 0s.
[Info  - 2:24:48 PM] Indexing started.
[Info  - 2:24:48 PM] Indexing ended. 1 files indexed in 0s.
[Info  - 2:25:25 PM] Indexing started.
[Info  - 2:25:25 PM] Indexing ended. 1 files indexed in 0s.
[Info  - 2:26:13 PM] Indexing started.
[Info  - 2:26:13 PM] Indexing ended. 1 files indexed in 0s.
[Info  - 2:26:14 PM] Indexing started.
[Info  - 2:26:15 PM] Indexing ended. 1 files indexed in 0s.
[Info  - 2:32:41 PM] Indexing started.
[Info  - 2:32:41 PM] Indexing ended. 1 files indexed in 0s.
[Info  - 2:33:14 PM] Indexing started.
[Info  - 2:33:15 PM] Indexing ended. 1 files indexed in 0s.
[Info  - 2:33:33 PM] Indexing started.
[Info  - 2:33:33 PM] Indexing ended. 1 files indexed in 0s.
[Info  - 2:33:36 PM] Indexing started.
[Info  - 2:33:36 PM] Indexing ended. 1 files indexed in 0s.
[Info  - 2:34:55 PM] Indexing started.
[Info  - 2:34:55 PM] Indexing ended. 1 files indexed in 0s.
[Info  - 2:35:22 PM] Indexing started.
[Info  - 2:35:23 PM] Indexing ended. 1 files indexed in 0s.
[Info  - 2:35:23 PM] Indexing started.
[Info  - 2:35:24 PM] Indexing ended. 1 files indexed in 0s.
[Info  - 2:36:01 PM] Indexing started.
[Info  - 2:36:01 PM] Indexing ended. 1 files indexed in 0s.
[Info  - 2:36:02 PM] Indexing started.
[Info  - 2:36:02 PM] Indexing ended. 1 files indexed in 0s.
[Info  - 2:36:07 PM] Indexing started.
[Info  - 2:36:08 PM] Indexing ended. 1 files indexed in 0s.
[Info  - 3:00:59 PM] Indexing started.
[Info  - 3:00:59 PM] Indexing ended. 1 files indexed in 0s.
