Looking for git in: git
Using git 2.17.1 from git
> git rev-parse --show-toplevel
> git config --get commit.template
Open repository: /opt/lampp/htdocs/SuratTugasDosen
> git status -z -u
> git symbolic-ref --short HEAD
> git rev-parse Surat-Tugas-Dosen-v0.1
> git rev-parse --symbolic-full-name Surat-Tugas-Dosen-v0.1@{u}
fatal: no upstream configured for branch 'Surat-Tugas-Dosen-v0.1'
> git for-each-ref --format %(refname) %(objectname) --sort -committerdate
> git remote --verbose
> git show :application/views/surat.php
> git check-ignore -z --stdin
> git status -z -u
> git symbolic-ref --short HEAD
> git rev-parse Surat-Tugas-Dosen-v0.1
> git rev-parse --symbolic-full-name Surat-Tugas-Dosen-v0.1@{u}
fatal: no upstream configured for branch 'Surat-Tugas-Dosen-v0.1'
> git for-each-ref --format %(refname) %(objectname) --sort -committerdate
> git remote --verbose
> git status -z -u
> git symbolic-ref --short HEAD
> git rev-parse Surat-Tugas-Dosen-v0.1
> git rev-parse --symbolic-full-name Surat-Tugas-Dosen-v0.1@{u}
fatal: no upstream configured for branch 'Surat-Tugas-Dosen-v0.1'
> git for-each-ref --format %(refname) %(objectname) --sort -committerdate
> git remote --verbose
> git status -z -u
> git symbolic-ref --short HEAD
> git rev-parse Surat-Tugas-Dosen-v0.1
> git rev-parse --symbolic-full-name Surat-Tugas-Dosen-v0.1@{u}
fatal: no upstream configured for branch 'Surat-Tugas-Dosen-v0.1'
> git for-each-ref --format %(refname) %(objectname) --sort -committerdate
> git remote --verbose
> git status -z -u
> git symbolic-ref --short HEAD
> git rev-parse Surat-Tugas-Dosen-v0.1
> git rev-parse --symbolic-full-name Surat-Tugas-Dosen-v0.1@{u}
fatal: no upstream configured for branch 'Surat-Tugas-Dosen-v0.1'
> git for-each-ref --format %(refname) %(objectname) --sort -committerdate
> git remote --verbose
> git status -z -u
> git symbolic-ref --short HEAD
> git rev-parse Surat-Tugas-Dosen-v0.1
> git rev-parse --symbolic-full-name Surat-Tugas-Dosen-v0.1@{u}
fatal: no upstream configured for branch 'Surat-Tugas-Dosen-v0.1'
> git for-each-ref --format %(refname) %(objectname) --sort -committerdate
> git remote --verbose
> git status -z -u
> git symbolic-ref --short HEAD
> git rev-parse Surat-Tugas-Dosen-v0.1
> git rev-parse --symbolic-full-name Surat-Tugas-Dosen-v0.1@{u}
fatal: no upstream configured for branch 'Surat-Tugas-Dosen-v0.1'
> git for-each-ref --format %(refname) %(objectname) --sort -committerdate
> git remote --verbose
> git status -z -u
> git symbolic-ref --short HEAD
> git rev-parse Surat-Tugas-Dosen-v0.1
> git rev-parse --symbolic-full-name Surat-Tugas-Dosen-v0.1@{u}
fatal: no upstream configured for branch 'Surat-Tugas-Dosen-v0.1'
> git for-each-ref --format %(refname) %(objectname) --sort -committerdate
> git remote --verbose
> git status -z -u
> git symbolic-ref --short HEAD
> git rev-parse Surat-Tugas-Dosen-v0.1
> git rev-parse --symbolic-full-name Surat-Tugas-Dosen-v0.1@{u}
fatal: no upstream configured for branch 'Surat-Tugas-Dosen-v0.1'
> git for-each-ref --format %(refname) %(objectname) --sort -committerdate
> git remote --verbose
> git status -z -u
> git symbolic-ref --short HEAD
> git rev-parse Surat-Tugas-Dosen-v0.1
> git rev-parse --symbolic-full-name Surat-Tugas-Dosen-v0.1@{u}
fatal: no upstream configured for branch 'Surat-Tugas-Dosen-v0.1'
> git for-each-ref --format %(refname) %(objectname) --sort -committerdate
> git remote --verbose
> git status -z -u
> git symbolic-ref --short HEAD
> git rev-parse Surat-Tugas-Dosen-v0.1
> git rev-parse --symbolic-full-name Surat-Tugas-Dosen-v0.1@{u}
fatal: no upstream configured for branch 'Surat-Tugas-Dosen-v0.1'
> git for-each-ref --format %(refname) %(objectname) --sort -committerdate
> git remote --verbose
> git status -z -u
> git symbolic-ref --short HEAD
> git rev-parse Surat-Tugas-Dosen-v0.1
> git rev-parse --symbolic-full-name Surat-Tugas-Dosen-v0.1@{u}
fatal: no upstream configured for branch 'Surat-Tugas-Dosen-v0.1'
> git for-each-ref --format %(refname) %(objectname) --sort -committerdate
> git remote --verbose
> git status -z -u
> git symbolic-ref --short HEAD
> git rev-parse Surat-Tugas-Dosen-v0.1
> git rev-parse --symbolic-full-name Surat-Tugas-Dosen-v0.1@{u}
fatal: no upstream configured for branch 'Surat-Tugas-Dosen-v0.1'
> git for-each-ref --format %(refname) %(objectname) --sort -committerdate
> git remote --verbose
> git status -z -u
> git symbolic-ref --short HEAD
> git rev-parse Surat-Tugas-Dosen-v0.1
> git rev-parse --symbolic-full-name Surat-Tugas-Dosen-v0.1@{u}
fatal: no upstream configured for branch 'Surat-Tugas-Dosen-v0.1'
> git for-each-ref --format %(refname) %(objectname) --sort -committerdate
> git remote --verbose
> git status -z -u
> git symbolic-ref --short HEAD
> git rev-parse Surat-Tugas-Dosen-v0.1
> git rev-parse --symbolic-full-name Surat-Tugas-Dosen-v0.1@{u}
fatal: no upstream configured for branch 'Surat-Tugas-Dosen-v0.1'
> git for-each-ref --format %(refname) %(objectname) --sort -committerdate
> git remote --verbose
> git status -z -u
> git symbolic-ref --short HEAD
> git rev-parse Surat-Tugas-Dosen-v0.1
> git rev-parse --symbolic-full-name Surat-Tugas-Dosen-v0.1@{u}
fatal: no upstream configured for branch 'Surat-Tugas-Dosen-v0.1'
> git for-each-ref --format %(refname) %(objectname) --sort -committerdate
> git remote --verbose
> git status -z -u
> git symbolic-ref --short HEAD
> git rev-parse Surat-Tugas-Dosen-v0.1
> git rev-parse --symbolic-full-name Surat-Tugas-Dosen-v0.1@{u}
fatal: no upstream configured for branch 'Surat-Tugas-Dosen-v0.1'
> git for-each-ref --format %(refname) %(objectname) --sort -committerdate
> git remote --verbose
> git status -z -u
> git symbolic-ref --short HEAD
> git rev-parse Surat-Tugas-Dosen-v0.1
> git rev-parse --symbolic-full-name Surat-Tugas-Dosen-v0.1@{u}
fatal: no upstream configured for branch 'Surat-Tugas-Dosen-v0.1'
> git for-each-ref --format %(refname) %(objectname) --sort -committerdate
> git remote --verbose
> git status -z -u
> git symbolic-ref --short HEAD
> git rev-parse Surat-Tugas-Dosen-v0.1
> git rev-parse --symbolic-full-name Surat-Tugas-Dosen-v0.1@{u}
fatal: no upstream configured for branch 'Surat-Tugas-Dosen-v0.1'
> git for-each-ref --format %(refname) %(objectname) --sort -committerdate
> git remote --verbose
> git status -z -u
> git symbolic-ref --short HEAD
> git rev-parse Surat-Tugas-Dosen-v0.1
> git rev-parse --symbolic-full-name Surat-Tugas-Dosen-v0.1@{u}
fatal: no upstream configured for branch 'Surat-Tugas-Dosen-v0.1'
> git for-each-ref --format %(refname) %(objectname) --sort -committerdate
> git remote --verbose
> git status -z -u
> git symbolic-ref --short HEAD
> git rev-parse Surat-Tugas-Dosen-v0.1
> git rev-parse --symbolic-full-name Surat-Tugas-Dosen-v0.1@{u}
fatal: no upstream configured for branch 'Surat-Tugas-Dosen-v0.1'
> git for-each-ref --format %(refname) %(objectname) --sort -committerdate
> git remote --verbose
> git status -z -u
> git symbolic-ref --short HEAD
> git rev-parse Surat-Tugas-Dosen-v0.1
> git rev-parse --symbolic-full-name Surat-Tugas-Dosen-v0.1@{u}
fatal: no upstream configured for branch 'Surat-Tugas-Dosen-v0.1'
> git for-each-ref --format %(refname) %(objectname) --sort -committerdate
> git remote --verbose
> git status -z -u
> git symbolic-ref --short HEAD
> git rev-parse Surat-Tugas-Dosen-v0.1
> git rev-parse --symbolic-full-name Surat-Tugas-Dosen-v0.1@{u}
fatal: no upstream configured for branch 'Surat-Tugas-Dosen-v0.1'
> git for-each-ref --format %(refname) %(objectname) --sort -committerdate
> git remote --verbose
> git status -z -u
> git symbolic-ref --short HEAD
> git rev-parse Surat-Tugas-Dosen-v0.1
> git rev-parse --symbolic-full-name Surat-Tugas-Dosen-v0.1@{u}
fatal: no upstream configured for branch 'Surat-Tugas-Dosen-v0.1'
> git for-each-ref --format %(refname) %(objectname) --sort -committerdate
> git remote --verbose
> git status -z -u
> git symbolic-ref --short HEAD
> git rev-parse Surat-Tugas-Dosen-v0.1
> git rev-parse --symbolic-full-name Surat-Tugas-Dosen-v0.1@{u}
fatal: no upstream configured for branch 'Surat-Tugas-Dosen-v0.1'
> git for-each-ref --format %(refname) %(objectname) --sort -committerdate
> git remote --verbose
> git status -z -u
> git symbolic-ref --short HEAD
> git rev-parse Surat-Tugas-Dosen-v0.1
> git rev-parse --symbolic-full-name Surat-Tugas-Dosen-v0.1@{u}
fatal: no upstream configured for branch 'Surat-Tugas-Dosen-v0.1'
> git for-each-ref --format %(refname) %(objectname) --sort -committerdate
> git remote --verbose
> git status -z -u
> git symbolic-ref --short HEAD
> git rev-parse Surat-Tugas-Dosen-v0.1
> git rev-parse --symbolic-full-name Surat-Tugas-Dosen-v0.1@{u}
fatal: no upstream configured for branch 'Surat-Tugas-Dosen-v0.1'
> git for-each-ref --format %(refname) %(objectname) --sort -committerdate
> git remote --verbose
> git status -z -u
> git symbolic-ref --short HEAD
> git rev-parse Surat-Tugas-Dosen-v0.1
> git rev-parse --symbolic-full-name Surat-Tugas-Dosen-v0.1@{u}
fatal: no upstream configured for branch 'Surat-Tugas-Dosen-v0.1'
> git for-each-ref --format %(refname) %(objectname) --sort -committerdate
> git remote --verbose
> git status -z -u
> git symbolic-ref --short HEAD
> git rev-parse Surat-Tugas-Dosen-v0.1
> git rev-parse --symbolic-full-name Surat-Tugas-Dosen-v0.1@{u}
fatal: no upstream configured for branch 'Surat-Tugas-Dosen-v0.1'
> git for-each-ref --format %(refname) %(objectname) --sort -committerdate
> git remote --verbose
> git status -z -u
> git symbolic-ref --short HEAD
> git rev-parse Surat-Tugas-Dosen-v0.1
> git rev-parse --symbolic-full-name Surat-Tugas-Dosen-v0.1@{u}
fatal: no upstream configured for branch 'Surat-Tugas-Dosen-v0.1'
> git for-each-ref --format %(refname) %(objectname) --sort -committerdate
> git remote --verbose
> git status -z -u
> git symbolic-ref --short HEAD
> git rev-parse Surat-Tugas-Dosen-v0.1
> git rev-parse --symbolic-full-name Surat-Tugas-Dosen-v0.1@{u}
fatal: no upstream configured for branch 'Surat-Tugas-Dosen-v0.1'
> git for-each-ref --format %(refname) %(objectname) --sort -committerdate
> git remote --verbose
> git status -z -u
> git symbolic-ref --short HEAD
> git rev-parse Surat-Tugas-Dosen-v0.1
> git rev-parse --symbolic-full-name Surat-Tugas-Dosen-v0.1@{u}
fatal: no upstream configured for branch 'Surat-Tugas-Dosen-v0.1'
> git for-each-ref --format %(refname) %(objectname) --sort -committerdate
> git remote --verbose
> git status -z -u
> git symbolic-ref --short HEAD
> git rev-parse Surat-Tugas-Dosen-v0.1
> git rev-parse --symbolic-full-name Surat-Tugas-Dosen-v0.1@{u}
fatal: no upstream configured for branch 'Surat-Tugas-Dosen-v0.1'
> git for-each-ref --format %(refname) %(objectname) --sort -committerdate
> git remote --verbose
> git status -z -u
> git symbolic-ref --short HEAD
> git rev-parse Surat-Tugas-Dosen-v0.1
> git rev-parse --symbolic-full-name Surat-Tugas-Dosen-v0.1@{u}
fatal: no upstream configured for branch 'Surat-Tugas-Dosen-v0.1'
> git for-each-ref --format %(refname) %(objectname) --sort -committerdate
> git remote --verbose
> git status -z -u
> git symbolic-ref --short HEAD
> git rev-parse Surat-Tugas-Dosen-v0.1
> git rev-parse --symbolic-full-name Surat-Tugas-Dosen-v0.1@{u}
fatal: no upstream configured for branch 'Surat-Tugas-Dosen-v0.1'
> git for-each-ref --format %(refname) %(objectname) --sort -committerdate
> git remote --verbose
> git status -z -u
> git symbolic-ref --short HEAD
> git rev-parse Surat-Tugas-Dosen-v0.1
> git rev-parse --symbolic-full-name Surat-Tugas-Dosen-v0.1@{u}
fatal: no upstream configured for branch 'Surat-Tugas-Dosen-v0.1'
> git for-each-ref --format %(refname) %(objectname) --sort -committerdate
> git remote --verbose
> git status -z -u
> git symbolic-ref --short HEAD
> git rev-parse Surat-Tugas-Dosen-v0.1
> git rev-parse --symbolic-full-name Surat-Tugas-Dosen-v0.1@{u}
fatal: no upstream configured for branch 'Surat-Tugas-Dosen-v0.1'
> git for-each-ref --format %(refname) %(objectname) --sort -committerdate
> git remote --verbose
> git status -z -u
> git symbolic-ref --short HEAD
> git rev-parse Surat-Tugas-Dosen-v0.1
> git rev-parse --symbolic-full-name Surat-Tugas-Dosen-v0.1@{u}
fatal: no upstream configured for branch 'Surat-Tugas-Dosen-v0.1'
> git for-each-ref --format %(refname) %(objectname) --sort -committerdate
> git remote --verbose
> git status -z -u
> git symbolic-ref --short HEAD
> git rev-parse Surat-Tugas-Dosen-v0.1
> git rev-parse --symbolic-full-name Surat-Tugas-Dosen-v0.1@{u}
fatal: no upstream configured for branch 'Surat-Tugas-Dosen-v0.1'
> git for-each-ref --format %(refname) %(objectname) --sort -committerdate
> git remote --verbose
> git status -z -u
> git symbolic-ref --short HEAD
> git rev-parse Surat-Tugas-Dosen-v0.1
> git rev-parse --symbolic-full-name Surat-Tugas-Dosen-v0.1@{u}
fatal: no upstream configured for branch 'Surat-Tugas-Dosen-v0.1'
> git for-each-ref --format %(refname) %(objectname) --sort -committerdate
> git remote --verbose
> git status -z -u
> git symbolic-ref --short HEAD
> git rev-parse Surat-Tugas-Dosen-v0.1
> git rev-parse --symbolic-full-name Surat-Tugas-Dosen-v0.1@{u}
fatal: no upstream configured for branch 'Surat-Tugas-Dosen-v0.1'
> git for-each-ref --format %(refname) %(objectname) --sort -committerdate
> git remote --verbose
> git status -z -u
> git symbolic-ref --short HEAD
> git rev-parse Surat-Tugas-Dosen-v0.1
> git rev-parse --symbolic-full-name Surat-Tugas-Dosen-v0.1@{u}
fatal: no upstream configured for branch 'Surat-Tugas-Dosen-v0.1'
> git for-each-ref --format %(refname) %(objectname) --sort -committerdate
> git remote --verbose
> git status -z -u
> git symbolic-ref --short HEAD
> git rev-parse Surat-Tugas-Dosen-v0.1
> git rev-parse --symbolic-full-name Surat-Tugas-Dosen-v0.1@{u}
fatal: no upstream configured for branch 'Surat-Tugas-Dosen-v0.1'
> git for-each-ref --format %(refname) %(objectname) --sort -committerdate
> git remote --verbose
> git status -z -u
> git symbolic-ref --short HEAD
> git rev-parse Surat-Tugas-Dosen-v0.1
> git rev-parse --symbolic-full-name Surat-Tugas-Dosen-v0.1@{u}
fatal: no upstream configured for branch 'Surat-Tugas-Dosen-v0.1'
> git for-each-ref --format %(refname) %(objectname) --sort -committerdate
> git remote --verbose
> git status -z -u
> git symbolic-ref --short HEAD
> git rev-parse Surat-Tugas-Dosen-v0.1
> git rev-parse --symbolic-full-name Surat-Tugas-Dosen-v0.1@{u}
fatal: no upstream configured for branch 'Surat-Tugas-Dosen-v0.1'
> git for-each-ref --format %(refname) %(objectname) --sort -committerdate
> git remote --verbose
> git status -z -u
> git symbolic-ref --short HEAD
> git rev-parse Surat-Tugas-Dosen-v0.1
> git rev-parse --symbolic-full-name Surat-Tugas-Dosen-v0.1@{u}
fatal: no upstream configured for branch 'Surat-Tugas-Dosen-v0.1'
> git for-each-ref --format %(refname) %(objectname) --sort -committerdate
> git remote --verbose
> git status -z -u
> git symbolic-ref --short HEAD
> git rev-parse Surat-Tugas-Dosen-v0.1
> git rev-parse --symbolic-full-name Surat-Tugas-Dosen-v0.1@{u}
fatal: no upstream configured for branch 'Surat-Tugas-Dosen-v0.1'
> git for-each-ref --format %(refname) %(objectname) --sort -committerdate
> git remote --verbose
> git status -z -u
> git symbolic-ref --short HEAD
> git rev-parse Surat-Tugas-Dosen-v0.1
> git rev-parse --symbolic-full-name Surat-Tugas-Dosen-v0.1@{u}
fatal: no upstream configured for branch 'Surat-Tugas-Dosen-v0.1'
> git for-each-ref --format %(refname) %(objectname) --sort -committerdate
> git remote --verbose
> git status -z -u
> git symbolic-ref --short HEAD
> git rev-parse Surat-Tugas-Dosen-v0.1
> git rev-parse --symbolic-full-name Surat-Tugas-Dosen-v0.1@{u}
fatal: no upstream configured for branch 'Surat-Tugas-Dosen-v0.1'
> git for-each-ref --format %(refname) %(objectname) --sort -committerdate
> git remote --verbose
> git status -z -u
> git symbolic-ref --short HEAD
> git rev-parse Surat-Tugas-Dosen-v0.1
> git rev-parse --symbolic-full-name Surat-Tugas-Dosen-v0.1@{u}
fatal: no upstream configured for branch 'Surat-Tugas-Dosen-v0.1'
> git for-each-ref --format %(refname) %(objectname) --sort -committerdate
> git remote --verbose
> git status -z -u
> git symbolic-ref --short HEAD
> git rev-parse Surat-Tugas-Dosen-v0.1
> git rev-parse --symbolic-full-name Surat-Tugas-Dosen-v0.1@{u}
fatal: no upstream configured for branch 'Surat-Tugas-Dosen-v0.1'
> git for-each-ref --format %(refname) %(objectname) --sort -committerdate
> git remote --verbose
> git status -z -u
> git symbolic-ref --short HEAD
> git rev-parse Surat-Tugas-Dosen-v0.1
> git rev-parse --symbolic-full-name Surat-Tugas-Dosen-v0.1@{u}
fatal: no upstream configured for branch 'Surat-Tugas-Dosen-v0.1'
> git for-each-ref --format %(refname) %(objectname) --sort -committerdate
> git remote --verbose
> git status -z -u
> git symbolic-ref --short HEAD
> git rev-parse Surat-Tugas-Dosen-v0.1
> git rev-parse --symbolic-full-name Surat-Tugas-Dosen-v0.1@{u}
fatal: no upstream configured for branch 'Surat-Tugas-Dosen-v0.1'
> git for-each-ref --format %(refname) %(objectname) --sort -committerdate
> git remote --verbose
> git status -z -u
> git symbolic-ref --short HEAD
> git rev-parse Surat-Tugas-Dosen-v0.1
> git rev-parse --symbolic-full-name Surat-Tugas-Dosen-v0.1@{u}
fatal: no upstream configured for branch 'Surat-Tugas-Dosen-v0.1'
> git for-each-ref --format %(refname) %(objectname) --sort -committerdate
> git remote --verbose
> git status -z -u
> git symbolic-ref --short HEAD
> git rev-parse Surat-Tugas-Dosen-v0.1
> git rev-parse --symbolic-full-name Surat-Tugas-Dosen-v0.1@{u}
fatal: no upstream configured for branch 'Surat-Tugas-Dosen-v0.1'
> git for-each-ref --format %(refname) %(objectname) --sort -committerdate
> git remote --verbose
> git status -z -u
> git symbolic-ref --short HEAD
> git rev-parse Surat-Tugas-Dosen-v0.1
> git rev-parse --symbolic-full-name Surat-Tugas-Dosen-v0.1@{u}
fatal: no upstream configured for branch 'Surat-Tugas-Dosen-v0.1'
> git for-each-ref --format %(refname) %(objectname) --sort -committerdate
> git remote --verbose
> git status -z -u
> git symbolic-ref --short HEAD
> git rev-parse Surat-Tugas-Dosen-v0.1
> git rev-parse --symbolic-full-name Surat-Tugas-Dosen-v0.1@{u}
fatal: no upstream configured for branch 'Surat-Tugas-Dosen-v0.1'
> git for-each-ref --format %(refname) %(objectname) --sort -committerdate
> git remote --verbose
> git status -z -u
> git symbolic-ref --short HEAD
> git rev-parse Surat-Tugas-Dosen-v0.1
> git rev-parse --symbolic-full-name Surat-Tugas-Dosen-v0.1@{u}
fatal: no upstream configured for branch 'Surat-Tugas-Dosen-v0.1'
> git for-each-ref --format %(refname) %(objectname) --sort -committerdate
> git remote --verbose
> git status -z -u
> git symbolic-ref --short HEAD
> git rev-parse Surat-Tugas-Dosen-v0.1
> git rev-parse --symbolic-full-name Surat-Tugas-Dosen-v0.1@{u}
fatal: no upstream configured for branch 'Surat-Tugas-Dosen-v0.1'
> git for-each-ref --format %(refname) %(objectname) --sort -committerdate
> git remote --verbose
> git status -z -u
> git symbolic-ref --short HEAD
> git rev-parse Surat-Tugas-Dosen-v0.1
> git rev-parse --symbolic-full-name Surat-Tugas-Dosen-v0.1@{u}
fatal: no upstream configured for branch 'Surat-Tugas-Dosen-v0.1'
> git for-each-ref --format %(refname) %(objectname) --sort -committerdate
> git remote --verbose
> git status -z -u
> git symbolic-ref --short HEAD
> git rev-parse Surat-Tugas-Dosen-v0.1
> git rev-parse --symbolic-full-name Surat-Tugas-Dosen-v0.1@{u}
fatal: no upstream configured for branch 'Surat-Tugas-Dosen-v0.1'
> git for-each-ref --format %(refname) %(objectname) --sort -committerdate
> git remote --verbose
> git status -z -u
> git symbolic-ref --short HEAD
> git rev-parse Surat-Tugas-Dosen-v0.1
> git rev-parse --symbolic-full-name Surat-Tugas-Dosen-v0.1@{u}
fatal: no upstream configured for branch 'Surat-Tugas-Dosen-v0.1'
> git for-each-ref --format %(refname) %(objectname) --sort -committerdate
> git remote --verbose
> git status -z -u
> git symbolic-ref --short HEAD
> git rev-parse Surat-Tugas-Dosen-v0.1
> git rev-parse --symbolic-full-name Surat-Tugas-Dosen-v0.1@{u}
fatal: no upstream configured for branch 'Surat-Tugas-Dosen-v0.1'
> git for-each-ref --format %(refname) %(objectname) --sort -committerdate
> git remote --verbose
> git status -z -u
> git symbolic-ref --short HEAD
> git rev-parse Surat-Tugas-Dosen-v0.1
> git rev-parse --symbolic-full-name Surat-Tugas-Dosen-v0.1@{u}
fatal: no upstream configured for branch 'Surat-Tugas-Dosen-v0.1'
> git for-each-ref --format %(refname) %(objectname) --sort -committerdate
> git remote --verbose
> git status -z -u
> git symbolic-ref --short HEAD
> git rev-parse Surat-Tugas-Dosen-v0.1
> git rev-parse --symbolic-full-name Surat-Tugas-Dosen-v0.1@{u}
fatal: no upstream configured for branch 'Surat-Tugas-Dosen-v0.1'
> git for-each-ref --format %(refname) %(objectname) --sort -committerdate
> git remote --verbose
> git status -z -u
> git symbolic-ref --short HEAD
> git rev-parse Surat-Tugas-Dosen-v0.1
> git rev-parse --symbolic-full-name Surat-Tugas-Dosen-v0.1@{u}
fatal: no upstream configured for branch 'Surat-Tugas-Dosen-v0.1'
> git for-each-ref --format %(refname) %(objectname) --sort -committerdate
> git remote --verbose
> git status -z -u
> git symbolic-ref --short HEAD
> git rev-parse Surat-Tugas-Dosen-v0.1
> git rev-parse --symbolic-full-name Surat-Tugas-Dosen-v0.1@{u}
fatal: no upstream configured for branch 'Surat-Tugas-Dosen-v0.1'
> git for-each-ref --format %(refname) %(objectname) --sort -committerdate
> git remote --verbose
> git status -z -u
> git symbolic-ref --short HEAD
> git rev-parse Surat-Tugas-Dosen-v0.1
> git rev-parse --symbolic-full-name Surat-Tugas-Dosen-v0.1@{u}
fatal: no upstream configured for branch 'Surat-Tugas-Dosen-v0.1'
> git for-each-ref --format %(refname) %(objectname) --sort -committerdate
> git remote --verbose
> git status -z -u
> git symbolic-ref --short HEAD
> git rev-parse Surat-Tugas-Dosen-v0.1
> git rev-parse --symbolic-full-name Surat-Tugas-Dosen-v0.1@{u}
fatal: no upstream configured for branch 'Surat-Tugas-Dosen-v0.1'
> git for-each-ref --format %(refname) %(objectname) --sort -committerdate
> git remote --verbose
> git status -z -u
> git symbolic-ref --short HEAD
> git rev-parse Surat-Tugas-Dosen-v0.1
> git rev-parse --symbolic-full-name Surat-Tugas-Dosen-v0.1@{u}
fatal: no upstream configured for branch 'Surat-Tugas-Dosen-v0.1'
> git for-each-ref --format %(refname) %(objectname) --sort -committerdate
> git remote --verbose
> git check-ignore -z --stdin
> git check-ignore -z --stdin
> git status -z -u
> git symbolic-ref --short HEAD
> git rev-parse Surat-Tugas-Dosen-v0.1
> git rev-parse --symbolic-full-name Surat-Tugas-Dosen-v0.1@{u}
fatal: no upstream configured for branch 'Surat-Tugas-Dosen-v0.1'
> git for-each-ref --format %(refname) %(objectname) --sort -committerdate
> git remote --verbose
> git show :application/views/data_mk.php
> git check-ignore -z --stdin
> git status -z -u
> git symbolic-ref --short HEAD
> git rev-parse Surat-Tugas-Dosen-v0.1
> git rev-parse --symbolic-full-name Surat-Tugas-Dosen-v0.1@{u}
fatal: no upstream configured for branch 'Surat-Tugas-Dosen-v0.1'
> git for-each-ref --format %(refname) %(objectname) --sort -committerdate
> git remote --verbose
> git status -z -u
> git symbolic-ref --short HEAD
> git rev-parse Surat-Tugas-Dosen-v0.1
> git rev-parse --symbolic-full-name Surat-Tugas-Dosen-v0.1@{u}
fatal: no upstream configured for branch 'Surat-Tugas-Dosen-v0.1'
> git for-each-ref --format %(refname) %(objectname) --sort -committerdate
> git remote --verbose
> git status -z -u
> git symbolic-ref --short HEAD
> git rev-parse Surat-Tugas-Dosen-v0.1
> git rev-parse --symbolic-full-name Surat-Tugas-Dosen-v0.1@{u}
fatal: no upstream configured for branch 'Surat-Tugas-Dosen-v0.1'
> git for-each-ref --format %(refname) %(objectname) --sort -committerdate
> git remote --verbose
> git status -z -u
> git symbolic-ref --short HEAD
> git rev-parse Surat-Tugas-Dosen-v0.1
> git rev-parse --symbolic-full-name Surat-Tugas-Dosen-v0.1@{u}
fatal: no upstream configured for branch 'Surat-Tugas-Dosen-v0.1'
> git for-each-ref --format %(refname) %(objectname) --sort -committerdate
> git remote --verbose
> git status -z -u
> git symbolic-ref --short HEAD
> git rev-parse Surat-Tugas-Dosen-v0.1
> git rev-parse --symbolic-full-name Surat-Tugas-Dosen-v0.1@{u}
fatal: no upstream configured for branch 'Surat-Tugas-Dosen-v0.1'
> git for-each-ref --format %(refname) %(objectname) --sort -committerdate
> git remote --verbose
> git status -z -u
> git symbolic-ref --short HEAD
> git rev-parse Surat-Tugas-Dosen-v0.1
> git rev-parse --symbolic-full-name Surat-Tugas-Dosen-v0.1@{u}
fatal: no upstream configured for branch 'Surat-Tugas-Dosen-v0.1'
> git for-each-ref --format %(refname) %(objectname) --sort -committerdate
> git remote --verbose
> git status -z -u
> git symbolic-ref --short HEAD
> git rev-parse Surat-Tugas-Dosen-v0.1
> git rev-parse --symbolic-full-name Surat-Tugas-Dosen-v0.1@{u}
fatal: no upstream configured for branch 'Surat-Tugas-Dosen-v0.1'
> git for-each-ref --format %(refname) %(objectname) --sort -committerdate
> git remote --verbose
> git status -z -u
> git symbolic-ref --short HEAD
> git rev-parse Surat-Tugas-Dosen-v0.1
> git rev-parse --symbolic-full-name Surat-Tugas-Dosen-v0.1@{u}
fatal: no upstream configured for branch 'Surat-Tugas-Dosen-v0.1'
> git for-each-ref --format %(refname) %(objectname) --sort -committerdate
> git remote --verbose
> git status -z -u
> git symbolic-ref --short HEAD
> git rev-parse Surat-Tugas-Dosen-v0.1
> git rev-parse --symbolic-full-name Surat-Tugas-Dosen-v0.1@{u}
fatal: no upstream configured for branch 'Surat-Tugas-Dosen-v0.1'
> git for-each-ref --format %(refname) %(objectname) --sort -committerdate
> git remote --verbose
> git status -z -u
> git symbolic-ref --short HEAD
> git rev-parse Surat-Tugas-Dosen-v0.1
> git rev-parse --symbolic-full-name Surat-Tugas-Dosen-v0.1@{u}
fatal: no upstream configured for branch 'Surat-Tugas-Dosen-v0.1'
> git for-each-ref --format %(refname) %(objectname) --sort -committerdate
> git remote --verbose
> git status -z -u
> git symbolic-ref --short HEAD
> git rev-parse Surat-Tugas-Dosen-v0.1
> git rev-parse --symbolic-full-name Surat-Tugas-Dosen-v0.1@{u}
fatal: no upstream configured for branch 'Surat-Tugas-Dosen-v0.1'
> git for-each-ref --format %(refname) %(objectname) --sort -committerdate
> git remote --verbose
> git status -z -u
> git symbolic-ref --short HEAD
> git rev-parse Surat-Tugas-Dosen-v0.1
> git rev-parse --symbolic-full-name Surat-Tugas-Dosen-v0.1@{u}
fatal: no upstream configured for branch 'Surat-Tugas-Dosen-v0.1'
> git for-each-ref --format %(refname) %(objectname) --sort -committerdate
> git remote --verbose
> git status -z -u
> git symbolic-ref --short HEAD
> git rev-parse Surat-Tugas-Dosen-v0.1
> git rev-parse --symbolic-full-name Surat-Tugas-Dosen-v0.1@{u}
fatal: no upstream configured for branch 'Surat-Tugas-Dosen-v0.1'
> git for-each-ref --format %(refname) %(objectname) --sort -committerdate
> git remote --verbose
> git status -z -u
> git symbolic-ref --short HEAD
> git rev-parse Surat-Tugas-Dosen-v0.1
> git rev-parse --symbolic-full-name Surat-Tugas-Dosen-v0.1@{u}
fatal: no upstream configured for branch 'Surat-Tugas-Dosen-v0.1'
> git for-each-ref --format %(refname) %(objectname) --sort -committerdate
> git remote --verbose
> git status -z -u
> git symbolic-ref --short HEAD
> git rev-parse Surat-Tugas-Dosen-v0.1
> git rev-parse --symbolic-full-name Surat-Tugas-Dosen-v0.1@{u}
fatal: no upstream configured for branch 'Surat-Tugas-Dosen-v0.1'
> git for-each-ref --format %(refname) %(objectname) --sort -committerdate
> git remote --verbose
> git status -z -u
> git symbolic-ref --short HEAD
> git rev-parse Surat-Tugas-Dosen-v0.1
> git rev-parse --symbolic-full-name Surat-Tugas-Dosen-v0.1@{u}
fatal: no upstream configured for branch 'Surat-Tugas-Dosen-v0.1'
> git for-each-ref --format %(refname) %(objectname) --sort -committerdate
> git remote --verbose
> git status -z -u
> git symbolic-ref --short HEAD
> git rev-parse Surat-Tugas-Dosen-v0.1
> git rev-parse --symbolic-full-name Surat-Tugas-Dosen-v0.1@{u}
fatal: no upstream configured for branch 'Surat-Tugas-Dosen-v0.1'
> git for-each-ref --format %(refname) %(objectname) --sort -committerdate
> git remote --verbose
> git status -z -u
> git symbolic-ref --short HEAD
> git rev-parse Surat-Tugas-Dosen-v0.1
> git rev-parse --symbolic-full-name Surat-Tugas-Dosen-v0.1@{u}
fatal: no upstream configured for branch 'Surat-Tugas-Dosen-v0.1'
> git for-each-ref --format %(refname) %(objectname) --sort -committerdate
> git remote --verbose
> git status -z -u
> git symbolic-ref --short HEAD
> git rev-parse Surat-Tugas-Dosen-v0.1
> git rev-parse --symbolic-full-name Surat-Tugas-Dosen-v0.1@{u}
fatal: no upstream configured for branch 'Surat-Tugas-Dosen-v0.1'
> git for-each-ref --format %(refname) %(objectname) --sort -committerdate
> git remote --verbose
> git status -z -u
> git symbolic-ref --short HEAD
> git rev-parse Surat-Tugas-Dosen-v0.1
> git rev-parse --symbolic-full-name Surat-Tugas-Dosen-v0.1@{u}
fatal: no upstream configured for branch 'Surat-Tugas-Dosen-v0.1'
> git for-each-ref --format %(refname) %(objectname) --sort -committerdate
> git remote --verbose
> git status -z -u
> git symbolic-ref --short HEAD
> git rev-parse Surat-Tugas-Dosen-v0.1
> git rev-parse --symbolic-full-name Surat-Tugas-Dosen-v0.1@{u}
fatal: no upstream configured for branch 'Surat-Tugas-Dosen-v0.1'
> git for-each-ref --format %(refname) %(objectname) --sort -committerdate
> git remote --verbose
> git check-ignore -z --stdin
> git status -z -u
> git symbolic-ref --short HEAD
> git rev-parse Surat-Tugas-Dosen-v0.1
> git rev-parse --symbolic-full-name Surat-Tugas-Dosen-v0.1@{u}
fatal: no upstream configured for branch 'Surat-Tugas-Dosen-v0.1'
> git for-each-ref --format %(refname) %(objectname) --sort -committerdate
> git remote --verbose
> git add -A -- .
