[2019-05-26 10:59:59.449] [exthost] [info] extension host started
[2019-05-26 10:59:59.559] [exthost] [info] ExtensionService#_doActivateExtension vscode.php-language-features {"startup":false,"activationEvent":"onLanguage:php"}
[2019-05-26 10:59:59.559] [exthost] [info] ExtensionService#loadCommonJSModule /usr/share/code/resources/app/extensions/php-language-features/dist/phpMain
[2019-05-26 11:00:00.400] [exthost] [info] ExtensionService#_doActivateExtension bmewburn.vscode-intelephense-client {"startup":false,"activationEvent":"onLanguage:php"}
[2019-05-26 11:00:00.400] [exthost] [info] ExtensionService#loadCommonJSModule /home/zak/.vscode/extensions/bmewburn.vscode-intelephense-client-1.0.14/out/extension
[2019-05-26 11:00:07.213] [exthost] [info] ExtensionService#_doActivateExtension felixfbecker.php-intellisense {"startup":false,"activationEvent":"onLanguage:php"}
[2019-05-26 11:00:07.213] [exthost] [info] ExtensionService#loadCommonJSModule /home/zak/.vscode/extensions/felixfbecker.php-intellisense-2.3.10/out/extension
[2019-05-26 11:00:08.016] [exthost] [info] ExtensionService#_doActivateExtension vscode.debug-auto-launch {"startup":true,"activationEvent":"*"}
[2019-05-26 11:00:08.016] [exthost] [info] ExtensionService#loadCommonJSModule /usr/share/code/resources/app/extensions/debug-auto-launch/dist/extension
[2019-05-26 11:00:08.064] [exthost] [info] ExtensionService#_doActivateExtension vscode.emmet {"startup":true,"activationEvent":"*"}
[2019-05-26 11:00:08.064] [exthost] [info] ExtensionService#loadCommonJSModule /usr/share/code/resources/app/extensions/emmet/dist/extension
[2019-05-26 11:00:08.133] [exthost] [info] ExtensionService#_doActivateExtension vscode.git {"startup":true,"activationEvent":"*"}
[2019-05-26 11:00:08.133] [exthost] [info] ExtensionService#loadCommonJSModule /usr/share/code/resources/app/extensions/git/dist/main
[2019-05-26 11:00:08.282] [exthost] [info] ExtensionService#_doActivateExtension vscode.merge-conflict {"startup":true,"activationEvent":"*"}
[2019-05-26 11:00:08.282] [exthost] [info] ExtensionService#loadCommonJSModule /usr/share/code/resources/app/extensions/merge-conflict/dist/extension
[2019-05-26 11:00:08.290] [exthost] [info] ExtensionService#_doActivateExtension beeware.beeware {"startup":true,"activationEvent":"*"}
[2019-05-26 11:00:08.290] [exthost] [info] ExtensionService#loadCommonJSModule /home/zak/.vscode/extensions/beeware.beeware-0.0.1/out/src/extension
[2019-05-26 11:00:09.695] [exthost] [info] ExtensionService#_doActivateExtension jarrio.hxmanager {"startup":true,"activationEvent":"*"}
[2019-05-26 11:00:09.695] [exthost] [info] ExtensionService#loadCommonJSModule /home/zak/.vscode/extensions/jarrio.hxmanager-0.4.5/main
[2019-05-26 11:00:09.714] [exthost] [info] ExtensionService#_doActivateExtension ms-vscode.atom-keybindings {"startup":true,"activationEvent":"*"}
[2019-05-26 11:00:09.714] [exthost] [info] ExtensionService#loadCommonJSModule /home/zak/.vscode/extensions/ms-vscode.atom-keybindings-3.0.6/extension
[2019-05-26 11:00:09.726] [exthost] [info] ExtensionService#_doActivateExtension vshaxe.hxcpp-debugger {"startup":true,"activationEvent":"*"}
[2019-05-26 11:00:09.726] [exthost] [info] ExtensionService#loadCommonJSModule /home/zak/.vscode/extensions/vshaxe.hxcpp-debugger-1.2.4/bin/extension.js
[2019-05-26 11:00:09.751] [exthost] [info] ExtensionService#_doActivateExtension Zignd.html-css-class-completion {"startup":true,"activationEvent":"*"}
[2019-05-26 11:00:09.751] [exthost] [info] ExtensionService#loadCommonJSModule /home/zak/.vscode/extensions/zignd.html-css-class-completion-1.19.0/out/src/extension
[2019-05-26 11:00:16.484] [exthost] [info] ExtensionService#_doActivateExtension nadako.vshaxe {"startup":true,"activationEvent":"workspaceContains:./*.hxml"}
[2019-05-26 11:00:16.484] [exthost] [info] ExtensionService#loadCommonJSModule /home/zak/.vscode/extensions/nadako.vshaxe-2.11.0/bin/client.js
[2019-05-26 11:00:51.073] [exthost] [info] eager extensions activated
[2019-05-26 11:01:22.619] [exthost] [info] ExtensionService#_doActivateExtension vscode.html-language-features {"startup":false,"activationEvent":"onLanguage:html"}
[2019-05-26 11:01:22.619] [exthost] [info] ExtensionService#loadCommonJSModule /usr/share/code/resources/app/extensions/html-language-features/client/dist/htmlMain
