Looking for git in: git
Using git 2.17.1 from git
> git rev-parse --show-toplevel
> git config --get commit.template
Open repository: /opt/lampp/htdocs/SuratTugasDosen
> git status -z -u
> git symbolic-ref --short HEAD
> git rev-parse Surat-Tugas-Dosen-v0.1
> git rev-parse --symbolic-full-name Surat-Tugas-Dosen-v0.1@{u}
fatal: no upstream configured for branch 'Surat-Tugas-Dosen-v0.1'
> git for-each-ref --format %(refname) %(objectname) --sort -committerdate
> git remote --verbose
> git show :application/views/search_result.php
> git check-ignore -z --stdin
> git status -z -u
> git symbolic-ref --short HEAD
> git rev-parse Surat-Tugas-Dosen-v0.1
> git rev-parse --symbolic-full-name Surat-Tugas-Dosen-v0.1@{u}
fatal: no upstream configured for branch 'Surat-Tugas-Dosen-v0.1'
> git for-each-ref --format %(refname) %(objectname) --sort -committerdate
> git remote --verbose
> git status -z -u
> git symbolic-ref --short HEAD
> git rev-parse Surat-Tugas-Dosen-v0.1
> git rev-parse --symbolic-full-name Surat-Tugas-Dosen-v0.1@{u}
fatal: no upstream configured for branch 'Surat-Tugas-Dosen-v0.1'
> git for-each-ref --format %(refname) %(objectname) --sort -committerdate
> git remote --verbose
> git status -z -u
> git symbolic-ref --short HEAD
> git rev-parse Surat-Tugas-Dosen-v0.1
> git rev-parse --symbolic-full-name Surat-Tugas-Dosen-v0.1@{u}
fatal: no upstream configured for branch 'Surat-Tugas-Dosen-v0.1'
> git for-each-ref --format %(refname) %(objectname) --sort -committerdate
> git remote --verbose
> git add -A -- .
> git commit --quiet --allow-empty-message --file - --all
> git status -z -u
> git symbolic-ref --short HEAD
> git rev-parse Surat-Tugas-Dosen-v0.1
> git rev-parse --symbolic-full-name Surat-Tugas-Dosen-v0.1@{u}
fatal: no upstream configured for branch 'Surat-Tugas-Dosen-v0.1'
> git for-each-ref --format %(refname) %(objectname) --sort -committerdate
> git remote --verbose
> git config --get commit.template
> git status -z -u
> git symbolic-ref --short HEAD
> git rev-parse Surat-Tugas-Dosen-v0.1
> git rev-parse --symbolic-full-name Surat-Tugas-Dosen-v0.1@{u}
fatal: no upstream configured for branch 'Surat-Tugas-Dosen-v0.1'
> git for-each-ref --format %(refname) %(objectname) --sort -committerdate
> git remote --verbose
> git check-ignore -z --stdin
> git show :application/views/search_result.php
> git push
fatal: The current branch Surat-Tugas-Dosen-v0.1 has no upstream branch.
To push the current branch and set the remote as upstream, use

    git push --set-upstream origin Surat-Tugas-Dosen-v0.1
> git status -z -u
> git symbolic-ref --short HEAD
> git rev-parse Surat-Tugas-Dosen-v0.1
> git rev-parse --symbolic-full-name Surat-Tugas-Dosen-v0.1@{u}
fatal: no upstream configured for branch 'Surat-Tugas-Dosen-v0.1'
> git for-each-ref --format %(refname) %(objectname) --sort -committerdate
> git remote --verbose
> git check-ignore -z --stdin
> git push origin Surat-Tugas-Dosen-v0.1
remote: Invalid username or password.
fatal: Authentication failed for 'https://github.com/Zakcrust/Surat-Tugas-Dosen.git/'
> git status -z -u
> git symbolic-ref --short HEAD
> git rev-parse Surat-Tugas-Dosen-v0.1
> git rev-parse --symbolic-full-name Surat-Tugas-Dosen-v0.1@{u}
fatal: no upstream configured for branch 'Surat-Tugas-Dosen-v0.1'
> git for-each-ref --format %(refname) %(objectname) --sort -committerdate
> git remote --verbose
> git check-ignore -z --stdin
> git status -z -u
> git symbolic-ref --short HEAD
> git rev-parse Surat-Tugas-Dosen-v0.1
> git rev-parse --symbolic-full-name Surat-Tugas-Dosen-v0.1@{u}
fatal: no upstream configured for branch 'Surat-Tugas-Dosen-v0.1'
> git for-each-ref --format %(refname) %(objectname) --sort -committerdate
> git remote --verbose
> git status -z -u
> git symbolic-ref --short HEAD
> git rev-parse Surat-Tugas-Dosen-v0.1
> git rev-parse --symbolic-full-name Surat-Tugas-Dosen-v0.1@{u}
fatal: no upstream configured for branch 'Surat-Tugas-Dosen-v0.1'
> git for-each-ref --format %(refname) %(objectname) --sort -committerdate
> git remote --verbose
> git checkout -q master
error: Your local changes to the following files would be overwritten by checkout:
	Cache/index-dir/the-real-index
	Cookies
	logs/20190525T114013/exthost1/exthost.log
	logs/20190525T114013/exthost1/output_logging_20190525T114025/1-Git.log
	logs/20190525T114013/sharedprocess.log
Please commit your changes or stash them before you switch branches.
Aborting
> git status -z -u
> git symbolic-ref --short HEAD
> git rev-parse Surat-Tugas-Dosen-v0.1
> git rev-parse --symbolic-full-name Surat-Tugas-Dosen-v0.1@{u}
fatal: no upstream configured for branch 'Surat-Tugas-Dosen-v0.1'
> git for-each-ref --format %(refname) %(objectname) --sort -committerdate
> git remote --verbose
> git status -z -u
> git symbolic-ref --short HEAD
> git rev-parse Surat-Tugas-Dosen-v0.1
> git rev-parse --symbolic-full-name Surat-Tugas-Dosen-v0.1@{u}
fatal: no upstream configured for branch 'Surat-Tugas-Dosen-v0.1'
> git for-each-ref --format %(refname) %(objectname) --sort -committerdate
> git remote --verbose
> git show -s --format=%H
%ae
%P
%B HEAD
> git reset --soft HEAD~
> git status -z -u
> git symbolic-ref --short HEAD
> git rev-parse Surat-Tugas-Dosen-v0.1
> git rev-parse --symbolic-full-name Surat-Tugas-Dosen-v0.1@{u}
fatal: no upstream configured for branch 'Surat-Tugas-Dosen-v0.1'
> git for-each-ref --format %(refname) %(objectname) --sort -committerdate
> git remote --verbose
> git show :application/views/search_result.php
> git status -z -u
> git symbolic-ref --short HEAD
> git rev-parse Surat-Tugas-Dosen-v0.1
> git rev-parse --symbolic-full-name Surat-Tugas-Dosen-v0.1@{u}
fatal: no upstream configured for branch 'Surat-Tugas-Dosen-v0.1'
> git for-each-ref --format %(refname) %(objectname) --sort -committerdate
> git remote --verbose
> git checkout -q --track origin/master
fatal: A branch named 'master' already exists.
> git status -z -u
> git symbolic-ref --short HEAD
> git rev-parse Surat-Tugas-Dosen-v0.1
> git rev-parse --symbolic-full-name Surat-Tugas-Dosen-v0.1@{u}
fatal: no upstream configured for branch 'Surat-Tugas-Dosen-v0.1'
> git for-each-ref --format %(refname) %(objectname) --sort -committerdate
> git remote --verbose
> git checkout -q master
error: Your local changes to the following files would be overwritten by checkout:
	Cache/751a34aacba5dfdb_0
	Cache/cbc42e4c979f69f0_0
	Cache/index-dir/the-real-index
	Cookies
	GPUCache/data_0
	GPUCache/data_1
	GPUCache/index
	User/globalStorage/state.vscdb
	User/globalStorage/state.vscdb.backup
	User/workspaceStorage/eeb71ef802dd9f43826618385592083e/state.vscdb
	User/workspaceStorage/eeb71ef802dd9f43826618385592083e/state.vscdb.backup
	application/controllers/DataDosen.php
	application/controllers/InputAdmin.php
	application/controllers/ManageCetak.php
	application/views/input_dosen.php
	application/views/search_result.php
	logs/20190524T075910/exthost1/output_logging_20190524T075912/1-Git.log
	logs/20190524T075910/sharedprocess.log
Please commit your changes or stash them before you switch branches.
Aborting
> git status -z -u
> git symbolic-ref --short HEAD
> git rev-parse Surat-Tugas-Dosen-v0.1
> git rev-parse --symbolic-full-name Surat-Tugas-Dosen-v0.1@{u}
fatal: no upstream configured for branch 'Surat-Tugas-Dosen-v0.1'
> git for-each-ref --format %(refname) %(objectname) --sort -committerdate
> git remote --verbose
> git commit --quiet --allow-empty-message --file -
> git status -z -u
> git symbolic-ref --short HEAD
> git rev-parse Surat-Tugas-Dosen-v0.1
> git rev-parse --symbolic-full-name Surat-Tugas-Dosen-v0.1@{u}
fatal: no upstream configured for branch 'Surat-Tugas-Dosen-v0.1'
> git for-each-ref --format %(refname) %(objectname) --sort -committerdate
> git remote --verbose
> git config --get commit.template
> git status -z -u
> git symbolic-ref --short HEAD
> git rev-parse Surat-Tugas-Dosen-v0.1
> git rev-parse --symbolic-full-name Surat-Tugas-Dosen-v0.1@{u}
fatal: no upstream configured for branch 'Surat-Tugas-Dosen-v0.1'
> git for-each-ref --format %(refname) %(objectname) --sort -committerdate
> git remote --verbose
> git show :application/views/search_result.php
> git push origin Surat-Tugas-Dosen-v0.1
To https://github.com/Zakcrust/Surat-Tugas-Dosen.git
   7092470..48b66f7  Surat-Tugas-Dosen-v0.1 -> Surat-Tugas-Dosen-v0.1
> git status -z -u
> git symbolic-ref --short HEAD
> git rev-parse Surat-Tugas-Dosen-v0.1
> git rev-parse --symbolic-full-name Surat-Tugas-Dosen-v0.1@{u}
fatal: no upstream configured for branch 'Surat-Tugas-Dosen-v0.1'
> git for-each-ref --format %(refname) %(objectname) --sort -committerdate
> git remote --verbose
> git show :application/views/search_result.php
> git status -z -u
> git symbolic-ref --short HEAD
> git rev-parse Surat-Tugas-Dosen-v0.1
> git rev-parse --symbolic-full-name Surat-Tugas-Dosen-v0.1@{u}
fatal: no upstream configured for branch 'Surat-Tugas-Dosen-v0.1'
> git for-each-ref --format %(refname) %(objectname) --sort -committerdate
> git remote --verbose
> git status -z -u
> git symbolic-ref --short HEAD
> git rev-parse Surat-Tugas-Dosen-v0.1
> git rev-parse --symbolic-full-name Surat-Tugas-Dosen-v0.1@{u}
fatal: no upstream configured for branch 'Surat-Tugas-Dosen-v0.1'
> git for-each-ref --format %(refname) %(objectname) --sort -committerdate
> git remote --verbose
> git status -z -u
> git symbolic-ref --short HEAD
> git rev-parse Surat-Tugas-Dosen-v0.1
> git rev-parse --symbolic-full-name Surat-Tugas-Dosen-v0.1@{u}
fatal: no upstream configured for branch 'Surat-Tugas-Dosen-v0.1'
> git for-each-ref --format %(refname) %(objectname) --sort -committerdate
> git remote --verbose
> git status -z -u
> git symbolic-ref --short HEAD
> git rev-parse Surat-Tugas-Dosen-v0.1
> git rev-parse --symbolic-full-name Surat-Tugas-Dosen-v0.1@{u}
fatal: no upstream configured for branch 'Surat-Tugas-Dosen-v0.1'
> git for-each-ref --format %(refname) %(objectname) --sort -committerdate
> git remote --verbose
> git status -z -u
> git symbolic-ref --short HEAD
> git rev-parse Surat-Tugas-Dosen-v0.1
> git rev-parse --symbolic-full-name Surat-Tugas-Dosen-v0.1@{u}
fatal: no upstream configured for branch 'Surat-Tugas-Dosen-v0.1'
> git for-each-ref --format %(refname) %(objectname) --sort -committerdate
> git remote --verbose
> git status -z -u
> git symbolic-ref --short HEAD
> git rev-parse Surat-Tugas-Dosen-v0.1
> git rev-parse --symbolic-full-name Surat-Tugas-Dosen-v0.1@{u}
fatal: no upstream configured for branch 'Surat-Tugas-Dosen-v0.1'
> git for-each-ref --format %(refname) %(objectname) --sort -committerdate
> git remote --verbose
> git status -z -u
> git symbolic-ref --short HEAD
> git rev-parse Surat-Tugas-Dosen-v0.1
> git rev-parse --symbolic-full-name Surat-Tugas-Dosen-v0.1@{u}
fatal: no upstream configured for branch 'Surat-Tugas-Dosen-v0.1'
> git for-each-ref --format %(refname) %(objectname) --sort -committerdate
> git remote --verbose
> git status -z -u
> git symbolic-ref --short HEAD
> git rev-parse Surat-Tugas-Dosen-v0.1
> git rev-parse --symbolic-full-name Surat-Tugas-Dosen-v0.1@{u}
fatal: no upstream configured for branch 'Surat-Tugas-Dosen-v0.1'
> git for-each-ref --format %(refname) %(objectname) --sort -committerdate
> git remote --verbose
> git status -z -u
> git symbolic-ref --short HEAD
> git rev-parse Surat-Tugas-Dosen-v0.1
> git rev-parse --symbolic-full-name Surat-Tugas-Dosen-v0.1@{u}
fatal: no upstream configured for branch 'Surat-Tugas-Dosen-v0.1'
> git for-each-ref --format %(refname) %(objectname) --sort -committerdate
> git remote --verbose
> git status -z -u
> git symbolic-ref --short HEAD
> git rev-parse Surat-Tugas-Dosen-v0.1
> git rev-parse --symbolic-full-name Surat-Tugas-Dosen-v0.1@{u}
fatal: no upstream configured for branch 'Surat-Tugas-Dosen-v0.1'
> git for-each-ref --format %(refname) %(objectname) --sort -committerdate
> git remote --verbose
> git status -z -u
> git symbolic-ref --short HEAD
> git rev-parse Surat-Tugas-Dosen-v0.1
> git rev-parse --symbolic-full-name Surat-Tugas-Dosen-v0.1@{u}
fatal: no upstream configured for branch 'Surat-Tugas-Dosen-v0.1'
> git for-each-ref --format %(refname) %(objectname) --sort -committerdate
> git remote --verbose
> git status -z -u
> git symbolic-ref --short HEAD
> git rev-parse Surat-Tugas-Dosen-v0.1
> git rev-parse --symbolic-full-name Surat-Tugas-Dosen-v0.1@{u}
fatal: no upstream configured for branch 'Surat-Tugas-Dosen-v0.1'
> git for-each-ref --format %(refname) %(objectname) --sort -committerdate
> git remote --verbose
> git status -z -u
> git symbolic-ref --short HEAD
> git rev-parse Surat-Tugas-Dosen-v0.1
> git rev-parse --symbolic-full-name Surat-Tugas-Dosen-v0.1@{u}
fatal: no upstream configured for branch 'Surat-Tugas-Dosen-v0.1'
> git for-each-ref --format %(refname) %(objectname) --sort -committerdate
> git remote --verbose
> git status -z -u
> git symbolic-ref --short HEAD
> git rev-parse Surat-Tugas-Dosen-v0.1
> git rev-parse --symbolic-full-name Surat-Tugas-Dosen-v0.1@{u}
fatal: no upstream configured for branch 'Surat-Tugas-Dosen-v0.1'
> git for-each-ref --format %(refname) %(objectname) --sort -committerdate
> git remote --verbose
> git status -z -u
> git symbolic-ref --short HEAD
> git rev-parse Surat-Tugas-Dosen-v0.1
> git rev-parse --symbolic-full-name Surat-Tugas-Dosen-v0.1@{u}
fatal: no upstream configured for branch 'Surat-Tugas-Dosen-v0.1'
> git for-each-ref --format %(refname) %(objectname) --sort -committerdate
> git remote --verbose
> git status -z -u
> git symbolic-ref --short HEAD
> git rev-parse Surat-Tugas-Dosen-v0.1
> git rev-parse --symbolic-full-name Surat-Tugas-Dosen-v0.1@{u}
fatal: no upstream configured for branch 'Surat-Tugas-Dosen-v0.1'
> git for-each-ref --format %(refname) %(objectname) --sort -committerdate
> git remote --verbose
> git status -z -u
> git symbolic-ref --short HEAD
> git rev-parse Surat-Tugas-Dosen-v0.1
> git rev-parse --symbolic-full-name Surat-Tugas-Dosen-v0.1@{u}
fatal: no upstream configured for branch 'Surat-Tugas-Dosen-v0.1'
> git for-each-ref --format %(refname) %(objectname) --sort -committerdate
> git remote --verbose
> git status -z -u
> git symbolic-ref --short HEAD
> git rev-parse Surat-Tugas-Dosen-v0.1
> git rev-parse --symbolic-full-name Surat-Tugas-Dosen-v0.1@{u}
fatal: no upstream configured for branch 'Surat-Tugas-Dosen-v0.1'
> git for-each-ref --format %(refname) %(objectname) --sort -committerdate
> git remote --verbose
> git status -z -u
> git symbolic-ref --short HEAD
> git rev-parse Surat-Tugas-Dosen-v0.1
> git rev-parse --symbolic-full-name Surat-Tugas-Dosen-v0.1@{u}
fatal: no upstream configured for branch 'Surat-Tugas-Dosen-v0.1'
> git for-each-ref --format %(refname) %(objectname) --sort -committerdate
> git remote --verbose
> git status -z -u
> git symbolic-ref --short HEAD
> git rev-parse Surat-Tugas-Dosen-v0.1
> git rev-parse --symbolic-full-name Surat-Tugas-Dosen-v0.1@{u}
fatal: no upstream configured for branch 'Surat-Tugas-Dosen-v0.1'
> git for-each-ref --format %(refname) %(objectname) --sort -committerdate
> git remote --verbose
> git status -z -u
> git symbolic-ref --short HEAD
> git rev-parse Surat-Tugas-Dosen-v0.1
> git rev-parse --symbolic-full-name Surat-Tugas-Dosen-v0.1@{u}
fatal: no upstream configured for branch 'Surat-Tugas-Dosen-v0.1'
> git for-each-ref --format %(refname) %(objectname) --sort -committerdate
> git remote --verbose
> git status -z -u
> git symbolic-ref --short HEAD
> git rev-parse Surat-Tugas-Dosen-v0.1
> git rev-parse --symbolic-full-name Surat-Tugas-Dosen-v0.1@{u}
fatal: no upstream configured for branch 'Surat-Tugas-Dosen-v0.1'
> git for-each-ref --format %(refname) %(objectname) --sort -committerdate
> git remote --verbose
> git status -z -u
> git symbolic-ref --short HEAD
> git rev-parse Surat-Tugas-Dosen-v0.1
> git rev-parse --symbolic-full-name Surat-Tugas-Dosen-v0.1@{u}
fatal: no upstream configured for branch 'Surat-Tugas-Dosen-v0.1'
> git for-each-ref --format %(refname) %(objectname) --sort -committerdate
> git remote --verbose
> git status -z -u
> git symbolic-ref --short HEAD
> git rev-parse Surat-Tugas-Dosen-v0.1
> git rev-parse --symbolic-full-name Surat-Tugas-Dosen-v0.1@{u}
fatal: no upstream configured for branch 'Surat-Tugas-Dosen-v0.1'
> git for-each-ref --format %(refname) %(objectname) --sort -committerdate
> git remote --verbose
> git status -z -u
> git symbolic-ref --short HEAD
> git rev-parse Surat-Tugas-Dosen-v0.1
> git rev-parse --symbolic-full-name Surat-Tugas-Dosen-v0.1@{u}
fatal: no upstream configured for branch 'Surat-Tugas-Dosen-v0.1'
> git for-each-ref --format %(refname) %(objectname) --sort -committerdate
> git remote --verbose
> git status -z -u
> git symbolic-ref --short HEAD
> git rev-parse Surat-Tugas-Dosen-v0.1
> git rev-parse --symbolic-full-name Surat-Tugas-Dosen-v0.1@{u}
fatal: no upstream configured for branch 'Surat-Tugas-Dosen-v0.1'
> git for-each-ref --format %(refname) %(objectname) --sort -committerdate
> git remote --verbose
> git status -z -u
> git symbolic-ref --short HEAD
> git rev-parse Surat-Tugas-Dosen-v0.1
> git rev-parse --symbolic-full-name Surat-Tugas-Dosen-v0.1@{u}
fatal: no upstream configured for branch 'Surat-Tugas-Dosen-v0.1'
> git for-each-ref --format %(refname) %(objectname) --sort -committerdate
> git remote --verbose
> git status -z -u
> git symbolic-ref --short HEAD
> git rev-parse Surat-Tugas-Dosen-v0.1
> git rev-parse --symbolic-full-name Surat-Tugas-Dosen-v0.1@{u}
fatal: no upstream configured for branch 'Surat-Tugas-Dosen-v0.1'
> git for-each-ref --format %(refname) %(objectname) --sort -committerdate
> git remote --verbose
> git status -z -u
> git symbolic-ref --short HEAD
> git rev-parse Surat-Tugas-Dosen-v0.1
> git rev-parse --symbolic-full-name Surat-Tugas-Dosen-v0.1@{u}
fatal: no upstream configured for branch 'Surat-Tugas-Dosen-v0.1'
> git for-each-ref --format %(refname) %(objectname) --sort -committerdate
> git remote --verbose
> git status -z -u
> git symbolic-ref --short HEAD
> git rev-parse Surat-Tugas-Dosen-v0.1
> git rev-parse --symbolic-full-name Surat-Tugas-Dosen-v0.1@{u}
fatal: no upstream configured for branch 'Surat-Tugas-Dosen-v0.1'
> git for-each-ref --format %(refname) %(objectname) --sort -committerdate
> git remote --verbose
> git status -z -u
> git symbolic-ref --short HEAD
> git rev-parse Surat-Tugas-Dosen-v0.1
> git rev-parse --symbolic-full-name Surat-Tugas-Dosen-v0.1@{u}
fatal: no upstream configured for branch 'Surat-Tugas-Dosen-v0.1'
> git for-each-ref --format %(refname) %(objectname) --sort -committerdate
> git remote --verbose
> git status -z -u
> git symbolic-ref --short HEAD
> git rev-parse Surat-Tugas-Dosen-v0.1
> git rev-parse --symbolic-full-name Surat-Tugas-Dosen-v0.1@{u}
fatal: no upstream configured for branch 'Surat-Tugas-Dosen-v0.1'
> git for-each-ref --format %(refname) %(objectname) --sort -committerdate
> git remote --verbose
> git status -z -u
> git symbolic-ref --short HEAD
> git rev-parse Surat-Tugas-Dosen-v0.1
> git rev-parse --symbolic-full-name Surat-Tugas-Dosen-v0.1@{u}
fatal: no upstream configured for branch 'Surat-Tugas-Dosen-v0.1'
> git for-each-ref --format %(refname) %(objectname) --sort -committerdate
> git remote --verbose
> git status -z -u
> git symbolic-ref --short HEAD
> git rev-parse Surat-Tugas-Dosen-v0.1
> git rev-parse --symbolic-full-name Surat-Tugas-Dosen-v0.1@{u}
fatal: no upstream configured for branch 'Surat-Tugas-Dosen-v0.1'
> git for-each-ref --format %(refname) %(objectname) --sort -committerdate
> git remote --verbose
> git status -z -u
> git symbolic-ref --short HEAD
> git rev-parse Surat-Tugas-Dosen-v0.1
> git rev-parse --symbolic-full-name Surat-Tugas-Dosen-v0.1@{u}
fatal: no upstream configured for branch 'Surat-Tugas-Dosen-v0.1'
> git for-each-ref --format %(refname) %(objectname) --sort -committerdate
> git remote --verbose
> git status -z -u
> git symbolic-ref --short HEAD
> git rev-parse Surat-Tugas-Dosen-v0.1
> git rev-parse --symbolic-full-name Surat-Tugas-Dosen-v0.1@{u}
fatal: no upstream configured for branch 'Surat-Tugas-Dosen-v0.1'
> git for-each-ref --format %(refname) %(objectname) --sort -committerdate
> git remote --verbose
> git status -z -u
> git symbolic-ref --short HEAD
> git rev-parse Surat-Tugas-Dosen-v0.1
> git rev-parse --symbolic-full-name Surat-Tugas-Dosen-v0.1@{u}
fatal: no upstream configured for branch 'Surat-Tugas-Dosen-v0.1'
> git for-each-ref --format %(refname) %(objectname) --sort -committerdate
> git remote --verbose
> git status -z -u
> git symbolic-ref --short HEAD
> git rev-parse Surat-Tugas-Dosen-v0.1
> git rev-parse --symbolic-full-name Surat-Tugas-Dosen-v0.1@{u}
fatal: no upstream configured for branch 'Surat-Tugas-Dosen-v0.1'
> git for-each-ref --format %(refname) %(objectname) --sort -committerdate
> git remote --verbose
> git status -z -u
> git symbolic-ref --short HEAD
> git rev-parse Surat-Tugas-Dosen-v0.1
> git rev-parse --symbolic-full-name Surat-Tugas-Dosen-v0.1@{u}
fatal: no upstream configured for branch 'Surat-Tugas-Dosen-v0.1'
> git for-each-ref --format %(refname) %(objectname) --sort -committerdate
> git remote --verbose
> git status -z -u
> git symbolic-ref --short HEAD
> git rev-parse Surat-Tugas-Dosen-v0.1
> git rev-parse --symbolic-full-name Surat-Tugas-Dosen-v0.1@{u}
fatal: no upstream configured for branch 'Surat-Tugas-Dosen-v0.1'
> git for-each-ref --format %(refname) %(objectname) --sort -committerdate
> git remote --verbose
> git status -z -u
> git symbolic-ref --short HEAD
> git rev-parse Surat-Tugas-Dosen-v0.1
> git rev-parse --symbolic-full-name Surat-Tugas-Dosen-v0.1@{u}
fatal: no upstream configured for branch 'Surat-Tugas-Dosen-v0.1'
> git for-each-ref --format %(refname) %(objectname) --sort -committerdate
> git remote --verbose
> git status -z -u
> git symbolic-ref --short HEAD
> git rev-parse Surat-Tugas-Dosen-v0.1
> git rev-parse --symbolic-full-name Surat-Tugas-Dosen-v0.1@{u}
fatal: no upstream configured for branch 'Surat-Tugas-Dosen-v0.1'
> git for-each-ref --format %(refname) %(objectname) --sort -committerdate
> git remote --verbose
> git status -z -u
> git symbolic-ref --short HEAD
> git rev-parse Surat-Tugas-Dosen-v0.1
> git rev-parse --symbolic-full-name Surat-Tugas-Dosen-v0.1@{u}
fatal: no upstream configured for branch 'Surat-Tugas-Dosen-v0.1'
> git for-each-ref --format %(refname) %(objectname) --sort -committerdate
> git remote --verbose
> git status -z -u
> git symbolic-ref --short HEAD
> git rev-parse Surat-Tugas-Dosen-v0.1
> git rev-parse --symbolic-full-name Surat-Tugas-Dosen-v0.1@{u}
fatal: no upstream configured for branch 'Surat-Tugas-Dosen-v0.1'
> git for-each-ref --format %(refname) %(objectname) --sort -committerdate
> git remote --verbose
> git status -z -u
> git symbolic-ref --short HEAD
> git rev-parse Surat-Tugas-Dosen-v0.1
> git rev-parse --symbolic-full-name Surat-Tugas-Dosen-v0.1@{u}
fatal: no upstream configured for branch 'Surat-Tugas-Dosen-v0.1'
> git for-each-ref --format %(refname) %(objectname) --sort -committerdate
> git remote --verbose
> git status -z -u
> git symbolic-ref --short HEAD
> git rev-parse Surat-Tugas-Dosen-v0.1
> git rev-parse --symbolic-full-name Surat-Tugas-Dosen-v0.1@{u}
fatal: no upstream configured for branch 'Surat-Tugas-Dosen-v0.1'
> git for-each-ref --format %(refname) %(objectname) --sort -committerdate
> git remote --verbose
> git status -z -u
> git symbolic-ref --short HEAD
> git rev-parse Surat-Tugas-Dosen-v0.1
> git rev-parse --symbolic-full-name Surat-Tugas-Dosen-v0.1@{u}
fatal: no upstream configured for branch 'Surat-Tugas-Dosen-v0.1'
> git for-each-ref --format %(refname) %(objectname) --sort -committerdate
> git remote --verbose
> git status -z -u
> git symbolic-ref --short HEAD
> git rev-parse Surat-Tugas-Dosen-v0.1
> git rev-parse --symbolic-full-name Surat-Tugas-Dosen-v0.1@{u}
fatal: no upstream configured for branch 'Surat-Tugas-Dosen-v0.1'
> git for-each-ref --format %(refname) %(objectname) --sort -committerdate
> git remote --verbose
> git status -z -u
> git symbolic-ref --short HEAD
> git rev-parse Surat-Tugas-Dosen-v0.1
> git rev-parse --symbolic-full-name Surat-Tugas-Dosen-v0.1@{u}
fatal: no upstream configured for branch 'Surat-Tugas-Dosen-v0.1'
> git for-each-ref --format %(refname) %(objectname) --sort -committerdate
> git remote --verbose
> git status -z -u
> git symbolic-ref --short HEAD
> git rev-parse Surat-Tugas-Dosen-v0.1
> git rev-parse --symbolic-full-name Surat-Tugas-Dosen-v0.1@{u}
fatal: no upstream configured for branch 'Surat-Tugas-Dosen-v0.1'
> git for-each-ref --format %(refname) %(objectname) --sort -committerdate
> git remote --verbose
> git status -z -u
> git symbolic-ref --short HEAD
> git rev-parse Surat-Tugas-Dosen-v0.1
> git rev-parse --symbolic-full-name Surat-Tugas-Dosen-v0.1@{u}
fatal: no upstream configured for branch 'Surat-Tugas-Dosen-v0.1'
> git for-each-ref --format %(refname) %(objectname) --sort -committerdate
> git remote --verbose
> git status -z -u
> git symbolic-ref --short HEAD
> git rev-parse Surat-Tugas-Dosen-v0.1
> git rev-parse --symbolic-full-name Surat-Tugas-Dosen-v0.1@{u}
fatal: no upstream configured for branch 'Surat-Tugas-Dosen-v0.1'
> git for-each-ref --format %(refname) %(objectname) --sort -committerdate
> git remote --verbose
> git status -z -u
> git symbolic-ref --short HEAD
> git rev-parse Surat-Tugas-Dosen-v0.1
> git rev-parse --symbolic-full-name Surat-Tugas-Dosen-v0.1@{u}
fatal: no upstream configured for branch 'Surat-Tugas-Dosen-v0.1'
> git for-each-ref --format %(refname) %(objectname) --sort -committerdate
> git remote --verbose
> git status -z -u
> git symbolic-ref --short HEAD
> git rev-parse Surat-Tugas-Dosen-v0.1
> git rev-parse --symbolic-full-name Surat-Tugas-Dosen-v0.1@{u}
fatal: no upstream configured for branch 'Surat-Tugas-Dosen-v0.1'
> git for-each-ref --format %(refname) %(objectname) --sort -committerdate
> git remote --verbose
> git status -z -u
> git symbolic-ref --short HEAD
> git rev-parse Surat-Tugas-Dosen-v0.1
> git rev-parse --symbolic-full-name Surat-Tugas-Dosen-v0.1@{u}
fatal: no upstream configured for branch 'Surat-Tugas-Dosen-v0.1'
> git for-each-ref --format %(refname) %(objectname) --sort -committerdate
> git remote --verbose
> git status -z -u
> git symbolic-ref --short HEAD
> git rev-parse Surat-Tugas-Dosen-v0.1
> git rev-parse --symbolic-full-name Surat-Tugas-Dosen-v0.1@{u}
fatal: no upstream configured for branch 'Surat-Tugas-Dosen-v0.1'
> git for-each-ref --format %(refname) %(objectname) --sort -committerdate
> git remote --verbose
> git status -z -u
> git symbolic-ref --short HEAD
> git rev-parse Surat-Tugas-Dosen-v0.1
> git rev-parse --symbolic-full-name Surat-Tugas-Dosen-v0.1@{u}
fatal: no upstream configured for branch 'Surat-Tugas-Dosen-v0.1'
> git for-each-ref --format %(refname) %(objectname) --sort -committerdate
> git remote --verbose
> git show :application/views/input_mk.php
> git check-ignore -z --stdin
> git status -z -u
> git symbolic-ref --short HEAD
> git rev-parse Surat-Tugas-Dosen-v0.1
> git rev-parse --symbolic-full-name Surat-Tugas-Dosen-v0.1@{u}
fatal: no upstream configured for branch 'Surat-Tugas-Dosen-v0.1'
> git for-each-ref --format %(refname) %(objectname) --sort -committerdate
> git remote --verbose
> git status -z -u
> git symbolic-ref --short HEAD
> git rev-parse Surat-Tugas-Dosen-v0.1
> git rev-parse --symbolic-full-name Surat-Tugas-Dosen-v0.1@{u}
fatal: no upstream configured for branch 'Surat-Tugas-Dosen-v0.1'
> git for-each-ref --format %(refname) %(objectname) --sort -committerdate
> git remote --verbose
> git status -z -u
> git symbolic-ref --short HEAD
> git rev-parse Surat-Tugas-Dosen-v0.1
> git rev-parse --symbolic-full-name Surat-Tugas-Dosen-v0.1@{u}
fatal: no upstream configured for branch 'Surat-Tugas-Dosen-v0.1'
> git for-each-ref --format %(refname) %(objectname) --sort -committerdate
> git remote --verbose
> git status -z -u
> git symbolic-ref --short HEAD
> git rev-parse Surat-Tugas-Dosen-v0.1
> git rev-parse --symbolic-full-name Surat-Tugas-Dosen-v0.1@{u}
fatal: no upstream configured for branch 'Surat-Tugas-Dosen-v0.1'
> git for-each-ref --format %(refname) %(objectname) --sort -committerdate
> git remote --verbose
> git status -z -u
> git symbolic-ref --short HEAD
> git rev-parse Surat-Tugas-Dosen-v0.1
> git rev-parse --symbolic-full-name Surat-Tugas-Dosen-v0.1@{u}
fatal: no upstream configured for branch 'Surat-Tugas-Dosen-v0.1'
> git for-each-ref --format %(refname) %(objectname) --sort -committerdate
> git remote --verbose
> git status -z -u
> git symbolic-ref --short HEAD
> git rev-parse Surat-Tugas-Dosen-v0.1
> git rev-parse --symbolic-full-name Surat-Tugas-Dosen-v0.1@{u}
fatal: no upstream configured for branch 'Surat-Tugas-Dosen-v0.1'
> git for-each-ref --format %(refname) %(objectname) --sort -committerdate
> git remote --verbose
> git status -z -u
> git symbolic-ref --short HEAD
> git rev-parse Surat-Tugas-Dosen-v0.1
> git rev-parse --symbolic-full-name Surat-Tugas-Dosen-v0.1@{u}
fatal: no upstream configured for branch 'Surat-Tugas-Dosen-v0.1'
> git for-each-ref --format %(refname) %(objectname) --sort -committerdate
> git remote --verbose
> git status -z -u
> git symbolic-ref --short HEAD
> git rev-parse Surat-Tugas-Dosen-v0.1
> git rev-parse --symbolic-full-name Surat-Tugas-Dosen-v0.1@{u}
fatal: no upstream configured for branch 'Surat-Tugas-Dosen-v0.1'
> git for-each-ref --format %(refname) %(objectname) --sort -committerdate
> git remote --verbose
> git status -z -u
> git symbolic-ref --short HEAD
> git rev-parse Surat-Tugas-Dosen-v0.1
> git rev-parse --symbolic-full-name Surat-Tugas-Dosen-v0.1@{u}
fatal: no upstream configured for branch 'Surat-Tugas-Dosen-v0.1'
> git for-each-ref --format %(refname) %(objectname) --sort -committerdate
> git remote --verbose
> git status -z -u
> git symbolic-ref --short HEAD
> git rev-parse Surat-Tugas-Dosen-v0.1
> git rev-parse --symbolic-full-name Surat-Tugas-Dosen-v0.1@{u}
fatal: no upstream configured for branch 'Surat-Tugas-Dosen-v0.1'
> git for-each-ref --format %(refname) %(objectname) --sort -committerdate
> git remote --verbose
> git status -z -u
> git symbolic-ref --short HEAD
> git rev-parse Surat-Tugas-Dosen-v0.1
> git rev-parse --symbolic-full-name Surat-Tugas-Dosen-v0.1@{u}
fatal: no upstream configured for branch 'Surat-Tugas-Dosen-v0.1'
> git for-each-ref --format %(refname) %(objectname) --sort -committerdate
> git remote --verbose
> git status -z -u
> git symbolic-ref --short HEAD
> git rev-parse Surat-Tugas-Dosen-v0.1
> git rev-parse --symbolic-full-name Surat-Tugas-Dosen-v0.1@{u}
fatal: no upstream configured for branch 'Surat-Tugas-Dosen-v0.1'
> git for-each-ref --format %(refname) %(objectname) --sort -committerdate
> git remote --verbose
> git status -z -u
> git symbolic-ref --short HEAD
> git rev-parse Surat-Tugas-Dosen-v0.1
> git rev-parse --symbolic-full-name Surat-Tugas-Dosen-v0.1@{u}
fatal: no upstream configured for branch 'Surat-Tugas-Dosen-v0.1'
> git for-each-ref --format %(refname) %(objectname) --sort -committerdate
> git remote --verbose
> git status -z -u
> git symbolic-ref --short HEAD
> git rev-parse Surat-Tugas-Dosen-v0.1
> git rev-parse --symbolic-full-name Surat-Tugas-Dosen-v0.1@{u}
fatal: no upstream configured for branch 'Surat-Tugas-Dosen-v0.1'
> git for-each-ref --format %(refname) %(objectname) --sort -committerdate
> git remote --verbose
> git status -z -u
> git symbolic-ref --short HEAD
> git rev-parse Surat-Tugas-Dosen-v0.1
> git rev-parse --symbolic-full-name Surat-Tugas-Dosen-v0.1@{u}
fatal: no upstream configured for branch 'Surat-Tugas-Dosen-v0.1'
> git for-each-ref --format %(refname) %(objectname) --sort -committerdate
> git remote --verbose
> git status -z -u
> git symbolic-ref --short HEAD
> git rev-parse Surat-Tugas-Dosen-v0.1
> git rev-parse --symbolic-full-name Surat-Tugas-Dosen-v0.1@{u}
fatal: no upstream configured for branch 'Surat-Tugas-Dosen-v0.1'
> git for-each-ref --format %(refname) %(objectname) --sort -committerdate
> git remote --verbose
> git status -z -u
> git symbolic-ref --short HEAD
> git rev-parse Surat-Tugas-Dosen-v0.1
> git rev-parse --symbolic-full-name Surat-Tugas-Dosen-v0.1@{u}
fatal: no upstream configured for branch 'Surat-Tugas-Dosen-v0.1'
> git for-each-ref --format %(refname) %(objectname) --sort -committerdate
> git remote --verbose
> git status -z -u
> git symbolic-ref --short HEAD
> git rev-parse Surat-Tugas-Dosen-v0.1
> git rev-parse --symbolic-full-name Surat-Tugas-Dosen-v0.1@{u}
fatal: no upstream configured for branch 'Surat-Tugas-Dosen-v0.1'
> git for-each-ref --format %(refname) %(objectname) --sort -committerdate
> git remote --verbose
> git status -z -u
> git symbolic-ref --short HEAD
> git rev-parse Surat-Tugas-Dosen-v0.1
> git rev-parse --symbolic-full-name Surat-Tugas-Dosen-v0.1@{u}
fatal: no upstream configured for branch 'Surat-Tugas-Dosen-v0.1'
> git for-each-ref --format %(refname) %(objectname) --sort -committerdate
> git remote --verbose
> git status -z -u
> git symbolic-ref --short HEAD
> git rev-parse Surat-Tugas-Dosen-v0.1
> git rev-parse --symbolic-full-name Surat-Tugas-Dosen-v0.1@{u}
fatal: no upstream configured for branch 'Surat-Tugas-Dosen-v0.1'
> git for-each-ref --format %(refname) %(objectname) --sort -committerdate
> git remote --verbose
> git status -z -u
> git symbolic-ref --short HEAD
> git rev-parse Surat-Tugas-Dosen-v0.1
> git rev-parse --symbolic-full-name Surat-Tugas-Dosen-v0.1@{u}
fatal: no upstream configured for branch 'Surat-Tugas-Dosen-v0.1'
> git for-each-ref --format %(refname) %(objectname) --sort -committerdate
> git remote --verbose
> git status -z -u
> git symbolic-ref --short HEAD
> git rev-parse Surat-Tugas-Dosen-v0.1
> git rev-parse --symbolic-full-name Surat-Tugas-Dosen-v0.1@{u}
fatal: no upstream configured for branch 'Surat-Tugas-Dosen-v0.1'
> git for-each-ref --format %(refname) %(objectname) --sort -committerdate
> git remote --verbose
> git status -z -u
> git symbolic-ref --short HEAD
> git rev-parse Surat-Tugas-Dosen-v0.1
> git rev-parse --symbolic-full-name Surat-Tugas-Dosen-v0.1@{u}
fatal: no upstream configured for branch 'Surat-Tugas-Dosen-v0.1'
> git for-each-ref --format %(refname) %(objectname) --sort -committerdate
> git remote --verbose
> git status -z -u
> git symbolic-ref --short HEAD
> git rev-parse Surat-Tugas-Dosen-v0.1
> git rev-parse --symbolic-full-name Surat-Tugas-Dosen-v0.1@{u}
fatal: no upstream configured for branch 'Surat-Tugas-Dosen-v0.1'
> git for-each-ref --format %(refname) %(objectname) --sort -committerdate
> git remote --verbose
> git status -z -u
> git symbolic-ref --short HEAD
> git rev-parse Surat-Tugas-Dosen-v0.1
> git rev-parse --symbolic-full-name Surat-Tugas-Dosen-v0.1@{u}
fatal: no upstream configured for branch 'Surat-Tugas-Dosen-v0.1'
> git for-each-ref --format %(refname) %(objectname) --sort -committerdate
> git remote --verbose
> git status -z -u
> git symbolic-ref --short HEAD
> git rev-parse Surat-Tugas-Dosen-v0.1
> git rev-parse --symbolic-full-name Surat-Tugas-Dosen-v0.1@{u}
fatal: no upstream configured for branch 'Surat-Tugas-Dosen-v0.1'
> git for-each-ref --format %(refname) %(objectname) --sort -committerdate
> git remote --verbose
> git status -z -u
> git symbolic-ref --short HEAD
> git rev-parse Surat-Tugas-Dosen-v0.1
> git rev-parse --symbolic-full-name Surat-Tugas-Dosen-v0.1@{u}
fatal: no upstream configured for branch 'Surat-Tugas-Dosen-v0.1'
> git for-each-ref --format %(refname) %(objectname) --sort -committerdate
> git remote --verbose
> git status -z -u
> git symbolic-ref --short HEAD
> git rev-parse Surat-Tugas-Dosen-v0.1
> git rev-parse --symbolic-full-name Surat-Tugas-Dosen-v0.1@{u}
fatal: no upstream configured for branch 'Surat-Tugas-Dosen-v0.1'
> git for-each-ref --format %(refname) %(objectname) --sort -committerdate
> git remote --verbose
> git status -z -u
> git symbolic-ref --short HEAD
> git rev-parse Surat-Tugas-Dosen-v0.1
> git rev-parse --symbolic-full-name Surat-Tugas-Dosen-v0.1@{u}
fatal: no upstream configured for branch 'Surat-Tugas-Dosen-v0.1'
> git for-each-ref --format %(refname) %(objectname) --sort -committerdate
> git remote --verbose
> git status -z -u
> git symbolic-ref --short HEAD
> git rev-parse Surat-Tugas-Dosen-v0.1
> git rev-parse --symbolic-full-name Surat-Tugas-Dosen-v0.1@{u}
fatal: no upstream configured for branch 'Surat-Tugas-Dosen-v0.1'
> git for-each-ref --format %(refname) %(objectname) --sort -committerdate
> git remote --verbose
> git status -z -u
> git symbolic-ref --short HEAD
> git rev-parse Surat-Tugas-Dosen-v0.1
> git rev-parse --symbolic-full-name Surat-Tugas-Dosen-v0.1@{u}
fatal: no upstream configured for branch 'Surat-Tugas-Dosen-v0.1'
> git for-each-ref --format %(refname) %(objectname) --sort -committerdate
> git remote --verbose
> git status -z -u
> git symbolic-ref --short HEAD
> git rev-parse Surat-Tugas-Dosen-v0.1
> git rev-parse --symbolic-full-name Surat-Tugas-Dosen-v0.1@{u}
fatal: no upstream configured for branch 'Surat-Tugas-Dosen-v0.1'
> git for-each-ref --format %(refname) %(objectname) --sort -committerdate
> git remote --verbose
> git status -z -u
> git symbolic-ref --short HEAD
> git rev-parse Surat-Tugas-Dosen-v0.1
> git rev-parse --symbolic-full-name Surat-Tugas-Dosen-v0.1@{u}
fatal: no upstream configured for branch 'Surat-Tugas-Dosen-v0.1'
> git for-each-ref --format %(refname) %(objectname) --sort -committerdate
> git remote --verbose
> git status -z -u
> git symbolic-ref --short HEAD
> git rev-parse Surat-Tugas-Dosen-v0.1
> git rev-parse --symbolic-full-name Surat-Tugas-Dosen-v0.1@{u}
fatal: no upstream configured for branch 'Surat-Tugas-Dosen-v0.1'
> git for-each-ref --format %(refname) %(objectname) --sort -committerdate
> git remote --verbose
> git status -z -u
> git symbolic-ref --short HEAD
> git rev-parse Surat-Tugas-Dosen-v0.1
> git rev-parse --symbolic-full-name Surat-Tugas-Dosen-v0.1@{u}
fatal: no upstream configured for branch 'Surat-Tugas-Dosen-v0.1'
> git for-each-ref --format %(refname) %(objectname) --sort -committerdate
> git remote --verbose
> git status -z -u
> git symbolic-ref --short HEAD
> git rev-parse Surat-Tugas-Dosen-v0.1
> git rev-parse --symbolic-full-name Surat-Tugas-Dosen-v0.1@{u}
fatal: no upstream configured for branch 'Surat-Tugas-Dosen-v0.1'
> git for-each-ref --format %(refname) %(objectname) --sort -committerdate
> git remote --verbose
> git status -z -u
> git symbolic-ref --short HEAD
> git rev-parse Surat-Tugas-Dosen-v0.1
> git rev-parse --symbolic-full-name Surat-Tugas-Dosen-v0.1@{u}
fatal: no upstream configured for branch 'Surat-Tugas-Dosen-v0.1'
> git for-each-ref --format %(refname) %(objectname) --sort -committerdate
> git remote --verbose
> git status -z -u
> git symbolic-ref --short HEAD
> git rev-parse Surat-Tugas-Dosen-v0.1
> git rev-parse --symbolic-full-name Surat-Tugas-Dosen-v0.1@{u}
fatal: no upstream configured for branch 'Surat-Tugas-Dosen-v0.1'
> git for-each-ref --format %(refname) %(objectname) --sort -committerdate
> git remote --verbose
> git status -z -u
> git symbolic-ref --short HEAD
> git rev-parse Surat-Tugas-Dosen-v0.1
> git rev-parse --symbolic-full-name Surat-Tugas-Dosen-v0.1@{u}
fatal: no upstream configured for branch 'Surat-Tugas-Dosen-v0.1'
> git for-each-ref --format %(refname) %(objectname) --sort -committerdate
> git remote --verbose
> git status -z -u
> git symbolic-ref --short HEAD
> git rev-parse Surat-Tugas-Dosen-v0.1
> git rev-parse --symbolic-full-name Surat-Tugas-Dosen-v0.1@{u}
fatal: no upstream configured for branch 'Surat-Tugas-Dosen-v0.1'
> git for-each-ref --format %(refname) %(objectname) --sort -committerdate
> git remote --verbose
> git status -z -u
> git symbolic-ref --short HEAD
> git rev-parse Surat-Tugas-Dosen-v0.1
> git rev-parse --symbolic-full-name Surat-Tugas-Dosen-v0.1@{u}
fatal: no upstream configured for branch 'Surat-Tugas-Dosen-v0.1'
> git for-each-ref --format %(refname) %(objectname) --sort -committerdate
> git remote --verbose
> git status -z -u
> git symbolic-ref --short HEAD
> git rev-parse Surat-Tugas-Dosen-v0.1
> git rev-parse --symbolic-full-name Surat-Tugas-Dosen-v0.1@{u}
fatal: no upstream configured for branch 'Surat-Tugas-Dosen-v0.1'
> git for-each-ref --format %(refname) %(objectname) --sort -committerdate
> git remote --verbose
> git status -z -u
> git symbolic-ref --short HEAD
> git rev-parse Surat-Tugas-Dosen-v0.1
> git rev-parse --symbolic-full-name Surat-Tugas-Dosen-v0.1@{u}
fatal: no upstream configured for branch 'Surat-Tugas-Dosen-v0.1'
> git for-each-ref --format %(refname) %(objectname) --sort -committerdate
> git remote --verbose
> git status -z -u
> git symbolic-ref --short HEAD
> git rev-parse Surat-Tugas-Dosen-v0.1
> git rev-parse --symbolic-full-name Surat-Tugas-Dosen-v0.1@{u}
fatal: no upstream configured for branch 'Surat-Tugas-Dosen-v0.1'
> git for-each-ref --format %(refname) %(objectname) --sort -committerdate
> git remote --verbose
> git status -z -u
> git symbolic-ref --short HEAD
> git rev-parse Surat-Tugas-Dosen-v0.1
> git rev-parse --symbolic-full-name Surat-Tugas-Dosen-v0.1@{u}
fatal: no upstream configured for branch 'Surat-Tugas-Dosen-v0.1'
> git for-each-ref --format %(refname) %(objectname) --sort -committerdate
> git remote --verbose
> git status -z -u
> git symbolic-ref --short HEAD
> git rev-parse Surat-Tugas-Dosen-v0.1
> git rev-parse --symbolic-full-name Surat-Tugas-Dosen-v0.1@{u}
fatal: no upstream configured for branch 'Surat-Tugas-Dosen-v0.1'
> git for-each-ref --format %(refname) %(objectname) --sort -committerdate
> git remote --verbose
> git status -z -u
> git symbolic-ref --short HEAD
> git rev-parse Surat-Tugas-Dosen-v0.1
> git rev-parse --symbolic-full-name Surat-Tugas-Dosen-v0.1@{u}
fatal: no upstream configured for branch 'Surat-Tugas-Dosen-v0.1'
> git for-each-ref --format %(refname) %(objectname) --sort -committerdate
> git remote --verbose
> git status -z -u
> git symbolic-ref --short HEAD
> git rev-parse Surat-Tugas-Dosen-v0.1
> git rev-parse --symbolic-full-name Surat-Tugas-Dosen-v0.1@{u}
fatal: no upstream configured for branch 'Surat-Tugas-Dosen-v0.1'
> git for-each-ref --format %(refname) %(objectname) --sort -committerdate
> git remote --verbose
> git status -z -u
> git symbolic-ref --short HEAD
> git rev-parse Surat-Tugas-Dosen-v0.1
> git rev-parse --symbolic-full-name Surat-Tugas-Dosen-v0.1@{u}
fatal: no upstream configured for branch 'Surat-Tugas-Dosen-v0.1'
> git for-each-ref --format %(refname) %(objectname) --sort -committerdate
> git remote --verbose
> git status -z -u
> git symbolic-ref --short HEAD
> git rev-parse Surat-Tugas-Dosen-v0.1
> git rev-parse --symbolic-full-name Surat-Tugas-Dosen-v0.1@{u}
fatal: no upstream configured for branch 'Surat-Tugas-Dosen-v0.1'
> git for-each-ref --format %(refname) %(objectname) --sort -committerdate
> git remote --verbose
> git status -z -u
> git symbolic-ref --short HEAD
> git rev-parse Surat-Tugas-Dosen-v0.1
> git rev-parse --symbolic-full-name Surat-Tugas-Dosen-v0.1@{u}
fatal: no upstream configured for branch 'Surat-Tugas-Dosen-v0.1'
> git for-each-ref --format %(refname) %(objectname) --sort -committerdate
> git remote --verbose
> git status -z -u
> git symbolic-ref --short HEAD
> git rev-parse Surat-Tugas-Dosen-v0.1
> git rev-parse --symbolic-full-name Surat-Tugas-Dosen-v0.1@{u}
fatal: no upstream configured for branch 'Surat-Tugas-Dosen-v0.1'
> git for-each-ref --format %(refname) %(objectname) --sort -committerdate
> git remote --verbose
> git status -z -u
> git symbolic-ref --short HEAD
> git rev-parse Surat-Tugas-Dosen-v0.1
> git rev-parse --symbolic-full-name Surat-Tugas-Dosen-v0.1@{u}
fatal: no upstream configured for branch 'Surat-Tugas-Dosen-v0.1'
> git for-each-ref --format %(refname) %(objectname) --sort -committerdate
> git remote --verbose
> git status -z -u
> git symbolic-ref --short HEAD
> git rev-parse Surat-Tugas-Dosen-v0.1
> git rev-parse --symbolic-full-name Surat-Tugas-Dosen-v0.1@{u}
fatal: no upstream configured for branch 'Surat-Tugas-Dosen-v0.1'
> git for-each-ref --format %(refname) %(objectname) --sort -committerdate
> git remote --verbose
> git status -z -u
> git symbolic-ref --short HEAD
> git rev-parse Surat-Tugas-Dosen-v0.1
> git rev-parse --symbolic-full-name Surat-Tugas-Dosen-v0.1@{u}
fatal: no upstream configured for branch 'Surat-Tugas-Dosen-v0.1'
> git for-each-ref --format %(refname) %(objectname) --sort -committerdate
> git remote --verbose
> git status -z -u
> git symbolic-ref --short HEAD
> git rev-parse Surat-Tugas-Dosen-v0.1
> git rev-parse --symbolic-full-name Surat-Tugas-Dosen-v0.1@{u}
fatal: no upstream configured for branch 'Surat-Tugas-Dosen-v0.1'
> git for-each-ref --format %(refname) %(objectname) --sort -committerdate
> git remote --verbose
> git status -z -u
> git symbolic-ref --short HEAD
> git rev-parse Surat-Tugas-Dosen-v0.1
> git rev-parse --symbolic-full-name Surat-Tugas-Dosen-v0.1@{u}
fatal: no upstream configured for branch 'Surat-Tugas-Dosen-v0.1'
> git for-each-ref --format %(refname) %(objectname) --sort -committerdate
> git remote --verbose
> git status -z -u
> git symbolic-ref --short HEAD
> git rev-parse Surat-Tugas-Dosen-v0.1
> git rev-parse --symbolic-full-name Surat-Tugas-Dosen-v0.1@{u}
fatal: no upstream configured for branch 'Surat-Tugas-Dosen-v0.1'
> git for-each-ref --format %(refname) %(objectname) --sort -committerdate
> git remote --verbose
> git status -z -u
> git symbolic-ref --short HEAD
> git rev-parse Surat-Tugas-Dosen-v0.1
> git rev-parse --symbolic-full-name Surat-Tugas-Dosen-v0.1@{u}
fatal: no upstream configured for branch 'Surat-Tugas-Dosen-v0.1'
> git for-each-ref --format %(refname) %(objectname) --sort -committerdate
> git remote --verbose
> git status -z -u
> git symbolic-ref --short HEAD
> git rev-parse Surat-Tugas-Dosen-v0.1
> git rev-parse --symbolic-full-name Surat-Tugas-Dosen-v0.1@{u}
fatal: no upstream configured for branch 'Surat-Tugas-Dosen-v0.1'
> git for-each-ref --format %(refname) %(objectname) --sort -committerdate
> git remote --verbose
> git status -z -u
> git symbolic-ref --short HEAD
> git rev-parse Surat-Tugas-Dosen-v0.1
> git rev-parse --symbolic-full-name Surat-Tugas-Dosen-v0.1@{u}
fatal: no upstream configured for branch 'Surat-Tugas-Dosen-v0.1'
> git for-each-ref --format %(refname) %(objectname) --sort -committerdate
> git remote --verbose
> git status -z -u
> git symbolic-ref --short HEAD
> git rev-parse Surat-Tugas-Dosen-v0.1
> git rev-parse --symbolic-full-name Surat-Tugas-Dosen-v0.1@{u}
fatal: no upstream configured for branch 'Surat-Tugas-Dosen-v0.1'
> git for-each-ref --format %(refname) %(objectname) --sort -committerdate
> git remote --verbose
> git status -z -u
> git symbolic-ref --short HEAD
> git rev-parse Surat-Tugas-Dosen-v0.1
> git rev-parse --symbolic-full-name Surat-Tugas-Dosen-v0.1@{u}
fatal: no upstream configured for branch 'Surat-Tugas-Dosen-v0.1'
> git for-each-ref --format %(refname) %(objectname) --sort -committerdate
> git remote --verbose
> git status -z -u
> git symbolic-ref --short HEAD
> git rev-parse Surat-Tugas-Dosen-v0.1
> git rev-parse --symbolic-full-name Surat-Tugas-Dosen-v0.1@{u}
fatal: no upstream configured for branch 'Surat-Tugas-Dosen-v0.1'
> git for-each-ref --format %(refname) %(objectname) --sort -committerdate
> git remote --verbose
> git status -z -u
> git symbolic-ref --short HEAD
> git rev-parse Surat-Tugas-Dosen-v0.1
> git rev-parse --symbolic-full-name Surat-Tugas-Dosen-v0.1@{u}
fatal: no upstream configured for branch 'Surat-Tugas-Dosen-v0.1'
> git for-each-ref --format %(refname) %(objectname) --sort -committerdate
> git remote --verbose
> git status -z -u
> git symbolic-ref --short HEAD
> git rev-parse Surat-Tugas-Dosen-v0.1
> git rev-parse --symbolic-full-name Surat-Tugas-Dosen-v0.1@{u}
fatal: no upstream configured for branch 'Surat-Tugas-Dosen-v0.1'
> git for-each-ref --format %(refname) %(objectname) --sort -committerdate
> git remote --verbose
> git status -z -u
> git symbolic-ref --short HEAD
> git rev-parse Surat-Tugas-Dosen-v0.1
> git rev-parse --symbolic-full-name Surat-Tugas-Dosen-v0.1@{u}
fatal: no upstream configured for branch 'Surat-Tugas-Dosen-v0.1'
> git for-each-ref --format %(refname) %(objectname) --sort -committerdate
> git remote --verbose
> git status -z -u
> git symbolic-ref --short HEAD
> git rev-parse Surat-Tugas-Dosen-v0.1
> git rev-parse --symbolic-full-name Surat-Tugas-Dosen-v0.1@{u}
fatal: no upstream configured for branch 'Surat-Tugas-Dosen-v0.1'
> git for-each-ref --format %(refname) %(objectname) --sort -committerdate
> git remote --verbose
> git status -z -u
> git symbolic-ref --short HEAD
> git rev-parse Surat-Tugas-Dosen-v0.1
> git rev-parse --symbolic-full-name Surat-Tugas-Dosen-v0.1@{u}
fatal: no upstream configured for branch 'Surat-Tugas-Dosen-v0.1'
> git for-each-ref --format %(refname) %(objectname) --sort -committerdate
> git remote --verbose
> git status -z -u
> git symbolic-ref --short HEAD
> git rev-parse Surat-Tugas-Dosen-v0.1
> git rev-parse --symbolic-full-name Surat-Tugas-Dosen-v0.1@{u}
fatal: no upstream configured for branch 'Surat-Tugas-Dosen-v0.1'
> git for-each-ref --format %(refname) %(objectname) --sort -committerdate
> git remote --verbose
> git status -z -u
> git symbolic-ref --short HEAD
> git rev-parse Surat-Tugas-Dosen-v0.1
> git rev-parse --symbolic-full-name Surat-Tugas-Dosen-v0.1@{u}
fatal: no upstream configured for branch 'Surat-Tugas-Dosen-v0.1'
> git for-each-ref --format %(refname) %(objectname) --sort -committerdate
> git remote --verbose
> git status -z -u
> git symbolic-ref --short HEAD
> git rev-parse Surat-Tugas-Dosen-v0.1
> git rev-parse --symbolic-full-name Surat-Tugas-Dosen-v0.1@{u}
fatal: no upstream configured for branch 'Surat-Tugas-Dosen-v0.1'
> git for-each-ref --format %(refname) %(objectname) --sort -committerdate
> git remote --verbose
> git status -z -u
> git symbolic-ref --short HEAD
> git rev-parse Surat-Tugas-Dosen-v0.1
> git rev-parse --symbolic-full-name Surat-Tugas-Dosen-v0.1@{u}
fatal: no upstream configured for branch 'Surat-Tugas-Dosen-v0.1'
> git for-each-ref --format %(refname) %(objectname) --sort -committerdate
> git remote --verbose
> git status -z -u
> git symbolic-ref --short HEAD
> git rev-parse Surat-Tugas-Dosen-v0.1
> git rev-parse --symbolic-full-name Surat-Tugas-Dosen-v0.1@{u}
fatal: no upstream configured for branch 'Surat-Tugas-Dosen-v0.1'
> git for-each-ref --format %(refname) %(objectname) --sort -committerdate
> git remote --verbose
> git status -z -u
> git symbolic-ref --short HEAD
> git rev-parse Surat-Tugas-Dosen-v0.1
> git rev-parse --symbolic-full-name Surat-Tugas-Dosen-v0.1@{u}
fatal: no upstream configured for branch 'Surat-Tugas-Dosen-v0.1'
> git for-each-ref --format %(refname) %(objectname) --sort -committerdate
> git remote --verbose
> git status -z -u
> git symbolic-ref --short HEAD
> git rev-parse Surat-Tugas-Dosen-v0.1
> git rev-parse --symbolic-full-name Surat-Tugas-Dosen-v0.1@{u}
fatal: no upstream configured for branch 'Surat-Tugas-Dosen-v0.1'
> git for-each-ref --format %(refname) %(objectname) --sort -committerdate
> git remote --verbose
> git status -z -u
> git symbolic-ref --short HEAD
> git rev-parse Surat-Tugas-Dosen-v0.1
> git rev-parse --symbolic-full-name Surat-Tugas-Dosen-v0.1@{u}
fatal: no upstream configured for branch 'Surat-Tugas-Dosen-v0.1'
> git for-each-ref --format %(refname) %(objectname) --sort -committerdate
> git remote --verbose
> git status -z -u
> git symbolic-ref --short HEAD
> git rev-parse Surat-Tugas-Dosen-v0.1
> git rev-parse --symbolic-full-name Surat-Tugas-Dosen-v0.1@{u}
fatal: no upstream configured for branch 'Surat-Tugas-Dosen-v0.1'
> git for-each-ref --format %(refname) %(objectname) --sort -committerdate
> git remote --verbose
> git status -z -u
> git symbolic-ref --short HEAD
> git rev-parse Surat-Tugas-Dosen-v0.1
> git rev-parse --symbolic-full-name Surat-Tugas-Dosen-v0.1@{u}
fatal: no upstream configured for branch 'Surat-Tugas-Dosen-v0.1'
> git for-each-ref --format %(refname) %(objectname) --sort -committerdate
> git remote --verbose
> git status -z -u
> git symbolic-ref --short HEAD
> git rev-parse Surat-Tugas-Dosen-v0.1
> git rev-parse --symbolic-full-name Surat-Tugas-Dosen-v0.1@{u}
fatal: no upstream configured for branch 'Surat-Tugas-Dosen-v0.1'
> git for-each-ref --format %(refname) %(objectname) --sort -committerdate
> git remote --verbose
> git status -z -u
> git symbolic-ref --short HEAD
> git rev-parse Surat-Tugas-Dosen-v0.1
> git rev-parse --symbolic-full-name Surat-Tugas-Dosen-v0.1@{u}
fatal: no upstream configured for branch 'Surat-Tugas-Dosen-v0.1'
> git for-each-ref --format %(refname) %(objectname) --sort -committerdate
> git remote --verbose
> git status -z -u
> git symbolic-ref --short HEAD
> git rev-parse Surat-Tugas-Dosen-v0.1
> git rev-parse --symbolic-full-name Surat-Tugas-Dosen-v0.1@{u}
fatal: no upstream configured for branch 'Surat-Tugas-Dosen-v0.1'
> git for-each-ref --format %(refname) %(objectname) --sort -committerdate
> git remote --verbose
> git status -z -u
> git symbolic-ref --short HEAD
> git rev-parse Surat-Tugas-Dosen-v0.1
> git rev-parse --symbolic-full-name Surat-Tugas-Dosen-v0.1@{u}
fatal: no upstream configured for branch 'Surat-Tugas-Dosen-v0.1'
> git for-each-ref --format %(refname) %(objectname) --sort -committerdate
> git remote --verbose
> git status -z -u
> git symbolic-ref --short HEAD
> git rev-parse Surat-Tugas-Dosen-v0.1
> git rev-parse --symbolic-full-name Surat-Tugas-Dosen-v0.1@{u}
fatal: no upstream configured for branch 'Surat-Tugas-Dosen-v0.1'
> git for-each-ref --format %(refname) %(objectname) --sort -committerdate
> git remote --verbose
> git status -z -u
> git symbolic-ref --short HEAD
> git rev-parse Surat-Tugas-Dosen-v0.1
> git rev-parse --symbolic-full-name Surat-Tugas-Dosen-v0.1@{u}
fatal: no upstream configured for branch 'Surat-Tugas-Dosen-v0.1'
> git for-each-ref --format %(refname) %(objectname) --sort -committerdate
> git remote --verbose
> git status -z -u
> git symbolic-ref --short HEAD
> git rev-parse Surat-Tugas-Dosen-v0.1
> git rev-parse --symbolic-full-name Surat-Tugas-Dosen-v0.1@{u}
fatal: no upstream configured for branch 'Surat-Tugas-Dosen-v0.1'
> git for-each-ref --format %(refname) %(objectname) --sort -committerdate
> git remote --verbose
> git status -z -u
> git symbolic-ref --short HEAD
> git rev-parse Surat-Tugas-Dosen-v0.1
> git rev-parse --symbolic-full-name Surat-Tugas-Dosen-v0.1@{u}
fatal: no upstream configured for branch 'Surat-Tugas-Dosen-v0.1'
> git for-each-ref --format %(refname) %(objectname) --sort -committerdate
> git remote --verbose
> git status -z -u
> git symbolic-ref --short HEAD
> git rev-parse Surat-Tugas-Dosen-v0.1
> git rev-parse --symbolic-full-name Surat-Tugas-Dosen-v0.1@{u}
fatal: no upstream configured for branch 'Surat-Tugas-Dosen-v0.1'
> git for-each-ref --format %(refname) %(objectname) --sort -committerdate
> git remote --verbose
> git status -z -u
> git symbolic-ref --short HEAD
> git rev-parse Surat-Tugas-Dosen-v0.1
> git rev-parse --symbolic-full-name Surat-Tugas-Dosen-v0.1@{u}
fatal: no upstream configured for branch 'Surat-Tugas-Dosen-v0.1'
> git for-each-ref --format %(refname) %(objectname) --sort -committerdate
> git remote --verbose
> git status -z -u
> git symbolic-ref --short HEAD
> git rev-parse Surat-Tugas-Dosen-v0.1
> git rev-parse --symbolic-full-name Surat-Tugas-Dosen-v0.1@{u}
fatal: no upstream configured for branch 'Surat-Tugas-Dosen-v0.1'
> git for-each-ref --format %(refname) %(objectname) --sort -committerdate
> git remote --verbose
> git status -z -u
> git symbolic-ref --short HEAD
> git rev-parse Surat-Tugas-Dosen-v0.1
> git rev-parse --symbolic-full-name Surat-Tugas-Dosen-v0.1@{u}
fatal: no upstream configured for branch 'Surat-Tugas-Dosen-v0.1'
> git for-each-ref --format %(refname) %(objectname) --sort -committerdate
> git remote --verbose
> git status -z -u
> git symbolic-ref --short HEAD
> git rev-parse Surat-Tugas-Dosen-v0.1
> git rev-parse --symbolic-full-name Surat-Tugas-Dosen-v0.1@{u}
fatal: no upstream configured for branch 'Surat-Tugas-Dosen-v0.1'
> git for-each-ref --format %(refname) %(objectname) --sort -committerdate
> git remote --verbose
> git status -z -u
> git symbolic-ref --short HEAD
> git rev-parse Surat-Tugas-Dosen-v0.1
> git rev-parse --symbolic-full-name Surat-Tugas-Dosen-v0.1@{u}
fatal: no upstream configured for branch 'Surat-Tugas-Dosen-v0.1'
> git for-each-ref --format %(refname) %(objectname) --sort -committerdate
> git remote --verbose
> git status -z -u
> git symbolic-ref --short HEAD
> git rev-parse Surat-Tugas-Dosen-v0.1
> git rev-parse --symbolic-full-name Surat-Tugas-Dosen-v0.1@{u}
fatal: no upstream configured for branch 'Surat-Tugas-Dosen-v0.1'
> git for-each-ref --format %(refname) %(objectname) --sort -committerdate
> git remote --verbose
> git status -z -u
> git symbolic-ref --short HEAD
> git rev-parse Surat-Tugas-Dosen-v0.1
> git rev-parse --symbolic-full-name Surat-Tugas-Dosen-v0.1@{u}
fatal: no upstream configured for branch 'Surat-Tugas-Dosen-v0.1'
> git for-each-ref --format %(refname) %(objectname) --sort -committerdate
> git remote --verbose
> git status -z -u
> git symbolic-ref --short HEAD
> git rev-parse Surat-Tugas-Dosen-v0.1
> git rev-parse --symbolic-full-name Surat-Tugas-Dosen-v0.1@{u}
fatal: no upstream configured for branch 'Surat-Tugas-Dosen-v0.1'
> git for-each-ref --format %(refname) %(objectname) --sort -committerdate
> git remote --verbose
> git status -z -u
> git symbolic-ref --short HEAD
> git rev-parse Surat-Tugas-Dosen-v0.1
> git rev-parse --symbolic-full-name Surat-Tugas-Dosen-v0.1@{u}
fatal: no upstream configured for branch 'Surat-Tugas-Dosen-v0.1'
> git for-each-ref --format %(refname) %(objectname) --sort -committerdate
> git remote --verbose
> git status -z -u
> git symbolic-ref --short HEAD
> git rev-parse Surat-Tugas-Dosen-v0.1
> git rev-parse --symbolic-full-name Surat-Tugas-Dosen-v0.1@{u}
fatal: no upstream configured for branch 'Surat-Tugas-Dosen-v0.1'
> git for-each-ref --format %(refname) %(objectname) --sort -committerdate
> git remote --verbose
> git status -z -u
> git symbolic-ref --short HEAD
> git rev-parse Surat-Tugas-Dosen-v0.1
> git rev-parse --symbolic-full-name Surat-Tugas-Dosen-v0.1@{u}
fatal: no upstream configured for branch 'Surat-Tugas-Dosen-v0.1'
> git for-each-ref --format %(refname) %(objectname) --sort -committerdate
> git remote --verbose
> git status -z -u
> git symbolic-ref --short HEAD
> git rev-parse Surat-Tugas-Dosen-v0.1
> git rev-parse --symbolic-full-name Surat-Tugas-Dosen-v0.1@{u}
fatal: no upstream configured for branch 'Surat-Tugas-Dosen-v0.1'
> git for-each-ref --format %(refname) %(objectname) --sort -committerdate
> git remote --verbose
> git status -z -u
> git symbolic-ref --short HEAD
> git rev-parse Surat-Tugas-Dosen-v0.1
> git rev-parse --symbolic-full-name Surat-Tugas-Dosen-v0.1@{u}
fatal: no upstream configured for branch 'Surat-Tugas-Dosen-v0.1'
> git for-each-ref --format %(refname) %(objectname) --sort -committerdate
> git remote --verbose
> git status -z -u
> git symbolic-ref --short HEAD
> git rev-parse Surat-Tugas-Dosen-v0.1
> git rev-parse --symbolic-full-name Surat-Tugas-Dosen-v0.1@{u}
fatal: no upstream configured for branch 'Surat-Tugas-Dosen-v0.1'
> git for-each-ref --format %(refname) %(objectname) --sort -committerdate
> git remote --verbose
> git status -z -u
> git symbolic-ref --short HEAD
> git rev-parse Surat-Tugas-Dosen-v0.1
> git rev-parse --symbolic-full-name Surat-Tugas-Dosen-v0.1@{u}
fatal: no upstream configured for branch 'Surat-Tugas-Dosen-v0.1'
> git for-each-ref --format %(refname) %(objectname) --sort -committerdate
> git remote --verbose
> git status -z -u
> git symbolic-ref --short HEAD
> git rev-parse Surat-Tugas-Dosen-v0.1
> git rev-parse --symbolic-full-name Surat-Tugas-Dosen-v0.1@{u}
fatal: no upstream configured for branch 'Surat-Tugas-Dosen-v0.1'
> git for-each-ref --format %(refname) %(objectname) --sort -committerdate
> git remote --verbose
> git status -z -u
> git symbolic-ref --short HEAD
> git rev-parse Surat-Tugas-Dosen-v0.1
> git rev-parse --symbolic-full-name Surat-Tugas-Dosen-v0.1@{u}
fatal: no upstream configured for branch 'Surat-Tugas-Dosen-v0.1'
> git for-each-ref --format %(refname) %(objectname) --sort -committerdate
> git remote --verbose
> git status -z -u
> git symbolic-ref --short HEAD
> git rev-parse Surat-Tugas-Dosen-v0.1
> git rev-parse --symbolic-full-name Surat-Tugas-Dosen-v0.1@{u}
fatal: no upstream configured for branch 'Surat-Tugas-Dosen-v0.1'
> git for-each-ref --format %(refname) %(objectname) --sort -committerdate
> git remote --verbose
> git status -z -u
> git symbolic-ref --short HEAD
> git rev-parse Surat-Tugas-Dosen-v0.1
> git rev-parse --symbolic-full-name Surat-Tugas-Dosen-v0.1@{u}
fatal: no upstream configured for branch 'Surat-Tugas-Dosen-v0.1'
> git for-each-ref --format %(refname) %(objectname) --sort -committerdate
> git remote --verbose
> git status -z -u
> git symbolic-ref --short HEAD
> git rev-parse Surat-Tugas-Dosen-v0.1
> git rev-parse --symbolic-full-name Surat-Tugas-Dosen-v0.1@{u}
fatal: no upstream configured for branch 'Surat-Tugas-Dosen-v0.1'
> git for-each-ref --format %(refname) %(objectname) --sort -committerdate
> git remote --verbose
> git status -z -u
> git symbolic-ref --short HEAD
> git rev-parse Surat-Tugas-Dosen-v0.1
> git rev-parse --symbolic-full-name Surat-Tugas-Dosen-v0.1@{u}
fatal: no upstream configured for branch 'Surat-Tugas-Dosen-v0.1'
> git for-each-ref --format %(refname) %(objectname) --sort -committerdate
> git remote --verbose
> git status -z -u
> git symbolic-ref --short HEAD
> git rev-parse Surat-Tugas-Dosen-v0.1
> git rev-parse --symbolic-full-name Surat-Tugas-Dosen-v0.1@{u}
fatal: no upstream configured for branch 'Surat-Tugas-Dosen-v0.1'
> git for-each-ref --format %(refname) %(objectname) --sort -committerdate
> git remote --verbose
> git status -z -u
> git symbolic-ref --short HEAD
> git rev-parse Surat-Tugas-Dosen-v0.1
> git rev-parse --symbolic-full-name Surat-Tugas-Dosen-v0.1@{u}
fatal: no upstream configured for branch 'Surat-Tugas-Dosen-v0.1'
> git for-each-ref --format %(refname) %(objectname) --sort -committerdate
> git remote --verbose
> git status -z -u
> git symbolic-ref --short HEAD
> git rev-parse Surat-Tugas-Dosen-v0.1
> git rev-parse --symbolic-full-name Surat-Tugas-Dosen-v0.1@{u}
fatal: no upstream configured for branch 'Surat-Tugas-Dosen-v0.1'
> git for-each-ref --format %(refname) %(objectname) --sort -committerdate
> git remote --verbose
> git status -z -u
> git symbolic-ref --short HEAD
> git rev-parse Surat-Tugas-Dosen-v0.1
> git rev-parse --symbolic-full-name Surat-Tugas-Dosen-v0.1@{u}
fatal: no upstream configured for branch 'Surat-Tugas-Dosen-v0.1'
> git for-each-ref --format %(refname) %(objectname) --sort -committerdate
> git remote --verbose
> git status -z -u
> git symbolic-ref --short HEAD
> git rev-parse Surat-Tugas-Dosen-v0.1
> git rev-parse --symbolic-full-name Surat-Tugas-Dosen-v0.1@{u}
fatal: no upstream configured for branch 'Surat-Tugas-Dosen-v0.1'
> git for-each-ref --format %(refname) %(objectname) --sort -committerdate
> git remote --verbose
> git status -z -u
> git symbolic-ref --short HEAD
> git rev-parse Surat-Tugas-Dosen-v0.1
> git rev-parse --symbolic-full-name Surat-Tugas-Dosen-v0.1@{u}
fatal: no upstream configured for branch 'Surat-Tugas-Dosen-v0.1'
> git for-each-ref --format %(refname) %(objectname) --sort -committerdate
> git remote --verbose
> git status -z -u
> git symbolic-ref --short HEAD
> git rev-parse Surat-Tugas-Dosen-v0.1
> git rev-parse --symbolic-full-name Surat-Tugas-Dosen-v0.1@{u}
fatal: no upstream configured for branch 'Surat-Tugas-Dosen-v0.1'
> git for-each-ref --format %(refname) %(objectname) --sort -committerdate
> git remote --verbose
> git status -z -u
> git symbolic-ref --short HEAD
> git rev-parse Surat-Tugas-Dosen-v0.1
> git rev-parse --symbolic-full-name Surat-Tugas-Dosen-v0.1@{u}
fatal: no upstream configured for branch 'Surat-Tugas-Dosen-v0.1'
> git for-each-ref --format %(refname) %(objectname) --sort -committerdate
> git remote --verbose
> git status -z -u
> git symbolic-ref --short HEAD
> git rev-parse Surat-Tugas-Dosen-v0.1
> git rev-parse --symbolic-full-name Surat-Tugas-Dosen-v0.1@{u}
fatal: no upstream configured for branch 'Surat-Tugas-Dosen-v0.1'
> git for-each-ref --format %(refname) %(objectname) --sort -committerdate
> git remote --verbose
> git status -z -u
> git symbolic-ref --short HEAD
> git rev-parse Surat-Tugas-Dosen-v0.1
> git rev-parse --symbolic-full-name Surat-Tugas-Dosen-v0.1@{u}
fatal: no upstream configured for branch 'Surat-Tugas-Dosen-v0.1'
> git for-each-ref --format %(refname) %(objectname) --sort -committerdate
> git remote --verbose
> git status -z -u
> git symbolic-ref --short HEAD
> git rev-parse Surat-Tugas-Dosen-v0.1
> git rev-parse --symbolic-full-name Surat-Tugas-Dosen-v0.1@{u}
fatal: no upstream configured for branch 'Surat-Tugas-Dosen-v0.1'
> git for-each-ref --format %(refname) %(objectname) --sort -committerdate
> git remote --verbose
> git status -z -u
> git symbolic-ref --short HEAD
> git rev-parse Surat-Tugas-Dosen-v0.1
> git rev-parse --symbolic-full-name Surat-Tugas-Dosen-v0.1@{u}
fatal: no upstream configured for branch 'Surat-Tugas-Dosen-v0.1'
> git for-each-ref --format %(refname) %(objectname) --sort -committerdate
> git remote --verbose
> git status -z -u
> git symbolic-ref --short HEAD
> git rev-parse Surat-Tugas-Dosen-v0.1
> git rev-parse --symbolic-full-name Surat-Tugas-Dosen-v0.1@{u}
fatal: no upstream configured for branch 'Surat-Tugas-Dosen-v0.1'
> git for-each-ref --format %(refname) %(objectname) --sort -committerdate
> git remote --verbose
> git status -z -u
> git symbolic-ref --short HEAD
> git rev-parse Surat-Tugas-Dosen-v0.1
> git rev-parse --symbolic-full-name Surat-Tugas-Dosen-v0.1@{u}
fatal: no upstream configured for branch 'Surat-Tugas-Dosen-v0.1'
> git for-each-ref --format %(refname) %(objectname) --sort -committerdate
> git remote --verbose
> git status -z -u
> git symbolic-ref --short HEAD
> git rev-parse Surat-Tugas-Dosen-v0.1
> git rev-parse --symbolic-full-name Surat-Tugas-Dosen-v0.1@{u}
fatal: no upstream configured for branch 'Surat-Tugas-Dosen-v0.1'
> git for-each-ref --format %(refname) %(objectname) --sort -committerdate
> git remote --verbose
> git status -z -u
> git symbolic-ref --short HEAD
> git rev-parse Surat-Tugas-Dosen-v0.1
> git rev-parse --symbolic-full-name Surat-Tugas-Dosen-v0.1@{u}
fatal: no upstream configured for branch 'Surat-Tugas-Dosen-v0.1'
> git for-each-ref --format %(refname) %(objectname) --sort -committerdate
> git remote --verbose
> git status -z -u
> git symbolic-ref --short HEAD
> git rev-parse Surat-Tugas-Dosen-v0.1
> git rev-parse --symbolic-full-name Surat-Tugas-Dosen-v0.1@{u}
fatal: no upstream configured for branch 'Surat-Tugas-Dosen-v0.1'
> git for-each-ref --format %(refname) %(objectname) --sort -committerdate
> git remote --verbose
> git status -z -u
> git symbolic-ref --short HEAD
> git rev-parse Surat-Tugas-Dosen-v0.1
> git rev-parse --symbolic-full-name Surat-Tugas-Dosen-v0.1@{u}
fatal: no upstream configured for branch 'Surat-Tugas-Dosen-v0.1'
> git for-each-ref --format %(refname) %(objectname) --sort -committerdate
> git remote --verbose
> git status -z -u
> git symbolic-ref --short HEAD
> git rev-parse Surat-Tugas-Dosen-v0.1
> git rev-parse --symbolic-full-name Surat-Tugas-Dosen-v0.1@{u}
fatal: no upstream configured for branch 'Surat-Tugas-Dosen-v0.1'
> git for-each-ref --format %(refname) %(objectname) --sort -committerdate
> git remote --verbose
> git status -z -u
> git symbolic-ref --short HEAD
> git rev-parse Surat-Tugas-Dosen-v0.1
> git rev-parse --symbolic-full-name Surat-Tugas-Dosen-v0.1@{u}
fatal: no upstream configured for branch 'Surat-Tugas-Dosen-v0.1'
> git for-each-ref --format %(refname) %(objectname) --sort -committerdate
> git remote --verbose
> git status -z -u
> git symbolic-ref --short HEAD
> git rev-parse Surat-Tugas-Dosen-v0.1
> git rev-parse --symbolic-full-name Surat-Tugas-Dosen-v0.1@{u}
fatal: no upstream configured for branch 'Surat-Tugas-Dosen-v0.1'
> git for-each-ref --format %(refname) %(objectname) --sort -committerdate
> git remote --verbose
> git status -z -u
> git symbolic-ref --short HEAD
> git rev-parse Surat-Tugas-Dosen-v0.1
> git rev-parse --symbolic-full-name Surat-Tugas-Dosen-v0.1@{u}
fatal: no upstream configured for branch 'Surat-Tugas-Dosen-v0.1'
> git for-each-ref --format %(refname) %(objectname) --sort -committerdate
> git remote --verbose
> git status -z -u
> git symbolic-ref --short HEAD
> git rev-parse Surat-Tugas-Dosen-v0.1
> git rev-parse --symbolic-full-name Surat-Tugas-Dosen-v0.1@{u}
fatal: no upstream configured for branch 'Surat-Tugas-Dosen-v0.1'
> git for-each-ref --format %(refname) %(objectname) --sort -committerdate
> git remote --verbose
> git status -z -u
> git symbolic-ref --short HEAD
> git rev-parse Surat-Tugas-Dosen-v0.1
> git rev-parse --symbolic-full-name Surat-Tugas-Dosen-v0.1@{u}
fatal: no upstream configured for branch 'Surat-Tugas-Dosen-v0.1'
> git for-each-ref --format %(refname) %(objectname) --sort -committerdate
> git remote --verbose
> git status -z -u
> git symbolic-ref --short HEAD
> git rev-parse Surat-Tugas-Dosen-v0.1
> git rev-parse --symbolic-full-name Surat-Tugas-Dosen-v0.1@{u}
fatal: no upstream configured for branch 'Surat-Tugas-Dosen-v0.1'
> git for-each-ref --format %(refname) %(objectname) --sort -committerdate
> git remote --verbose
> git status -z -u
> git symbolic-ref --short HEAD
> git rev-parse Surat-Tugas-Dosen-v0.1
> git rev-parse --symbolic-full-name Surat-Tugas-Dosen-v0.1@{u}
fatal: no upstream configured for branch 'Surat-Tugas-Dosen-v0.1'
> git for-each-ref --format %(refname) %(objectname) --sort -committerdate
> git remote --verbose
> git status -z -u
> git symbolic-ref --short HEAD
> git rev-parse Surat-Tugas-Dosen-v0.1
> git rev-parse --symbolic-full-name Surat-Tugas-Dosen-v0.1@{u}
fatal: no upstream configured for branch 'Surat-Tugas-Dosen-v0.1'
> git for-each-ref --format %(refname) %(objectname) --sort -committerdate
> git remote --verbose
> git status -z -u
> git symbolic-ref --short HEAD
> git rev-parse Surat-Tugas-Dosen-v0.1
> git rev-parse --symbolic-full-name Surat-Tugas-Dosen-v0.1@{u}
fatal: no upstream configured for branch 'Surat-Tugas-Dosen-v0.1'
> git for-each-ref --format %(refname) %(objectname) --sort -committerdate
> git remote --verbose
> git status -z -u
> git symbolic-ref --short HEAD
> git rev-parse Surat-Tugas-Dosen-v0.1
> git rev-parse --symbolic-full-name Surat-Tugas-Dosen-v0.1@{u}
fatal: no upstream configured for branch 'Surat-Tugas-Dosen-v0.1'
> git for-each-ref --format %(refname) %(objectname) --sort -committerdate
> git remote --verbose
> git status -z -u
> git symbolic-ref --short HEAD
> git rev-parse Surat-Tugas-Dosen-v0.1
> git rev-parse --symbolic-full-name Surat-Tugas-Dosen-v0.1@{u}
fatal: no upstream configured for branch 'Surat-Tugas-Dosen-v0.1'
> git for-each-ref --format %(refname) %(objectname) --sort -committerdate
> git remote --verbose
> git status -z -u
> git symbolic-ref --short HEAD
> git rev-parse Surat-Tugas-Dosen-v0.1
> git rev-parse --symbolic-full-name Surat-Tugas-Dosen-v0.1@{u}
fatal: no upstream configured for branch 'Surat-Tugas-Dosen-v0.1'
> git for-each-ref --format %(refname) %(objectname) --sort -committerdate
> git remote --verbose
> git status -z -u
> git symbolic-ref --short HEAD
> git rev-parse Surat-Tugas-Dosen-v0.1
> git rev-parse --symbolic-full-name Surat-Tugas-Dosen-v0.1@{u}
fatal: no upstream configured for branch 'Surat-Tugas-Dosen-v0.1'
> git for-each-ref --format %(refname) %(objectname) --sort -committerdate
> git remote --verbose
> git status -z -u
> git symbolic-ref --short HEAD
> git rev-parse Surat-Tugas-Dosen-v0.1
> git rev-parse --symbolic-full-name Surat-Tugas-Dosen-v0.1@{u}
fatal: no upstream configured for branch 'Surat-Tugas-Dosen-v0.1'
> git for-each-ref --format %(refname) %(objectname) --sort -committerdate
> git remote --verbose
> git status -z -u
> git symbolic-ref --short HEAD
> git rev-parse Surat-Tugas-Dosen-v0.1
> git rev-parse --symbolic-full-name Surat-Tugas-Dosen-v0.1@{u}
fatal: no upstream configured for branch 'Surat-Tugas-Dosen-v0.1'
> git for-each-ref --format %(refname) %(objectname) --sort -committerdate
> git remote --verbose
> git status -z -u
> git symbolic-ref --short HEAD
> git rev-parse Surat-Tugas-Dosen-v0.1
> git rev-parse --symbolic-full-name Surat-Tugas-Dosen-v0.1@{u}
fatal: no upstream configured for branch 'Surat-Tugas-Dosen-v0.1'
> git for-each-ref --format %(refname) %(objectname) --sort -committerdate
> git remote --verbose
> git status -z -u
> git symbolic-ref --short HEAD
> git rev-parse Surat-Tugas-Dosen-v0.1
> git rev-parse --symbolic-full-name Surat-Tugas-Dosen-v0.1@{u}
fatal: no upstream configured for branch 'Surat-Tugas-Dosen-v0.1'
> git for-each-ref --format %(refname) %(objectname) --sort -committerdate
> git remote --verbose
> git status -z -u
> git symbolic-ref --short HEAD
> git rev-parse Surat-Tugas-Dosen-v0.1
> git rev-parse --symbolic-full-name Surat-Tugas-Dosen-v0.1@{u}
fatal: no upstream configured for branch 'Surat-Tugas-Dosen-v0.1'
> git for-each-ref --format %(refname) %(objectname) --sort -committerdate
> git remote --verbose
> git status -z -u
> git symbolic-ref --short HEAD
> git rev-parse Surat-Tugas-Dosen-v0.1
> git rev-parse --symbolic-full-name Surat-Tugas-Dosen-v0.1@{u}
fatal: no upstream configured for branch 'Surat-Tugas-Dosen-v0.1'
> git for-each-ref --format %(refname) %(objectname) --sort -committerdate
> git remote --verbose
> git status -z -u
> git symbolic-ref --short HEAD
> git rev-parse Surat-Tugas-Dosen-v0.1
> git rev-parse --symbolic-full-name Surat-Tugas-Dosen-v0.1@{u}
fatal: no upstream configured for branch 'Surat-Tugas-Dosen-v0.1'
> git for-each-ref --format %(refname) %(objectname) --sort -committerdate
> git remote --verbose
> git status -z -u
> git symbolic-ref --short HEAD
> git rev-parse Surat-Tugas-Dosen-v0.1
> git rev-parse --symbolic-full-name Surat-Tugas-Dosen-v0.1@{u}
fatal: no upstream configured for branch 'Surat-Tugas-Dosen-v0.1'
> git for-each-ref --format %(refname) %(objectname) --sort -committerdate
> git remote --verbose
> git status -z -u
> git symbolic-ref --short HEAD
> git rev-parse Surat-Tugas-Dosen-v0.1
> git rev-parse --symbolic-full-name Surat-Tugas-Dosen-v0.1@{u}
fatal: no upstream configured for branch 'Surat-Tugas-Dosen-v0.1'
> git for-each-ref --format %(refname) %(objectname) --sort -committerdate
> git remote --verbose
> git status -z -u
> git symbolic-ref --short HEAD
> git rev-parse Surat-Tugas-Dosen-v0.1
> git rev-parse --symbolic-full-name Surat-Tugas-Dosen-v0.1@{u}
fatal: no upstream configured for branch 'Surat-Tugas-Dosen-v0.1'
> git for-each-ref --format %(refname) %(objectname) --sort -committerdate
> git remote --verbose
> git status -z -u
> git symbolic-ref --short HEAD
> git rev-parse Surat-Tugas-Dosen-v0.1
> git rev-parse --symbolic-full-name Surat-Tugas-Dosen-v0.1@{u}
fatal: no upstream configured for branch 'Surat-Tugas-Dosen-v0.1'
> git for-each-ref --format %(refname) %(objectname) --sort -committerdate
> git remote --verbose
> git status -z -u
> git symbolic-ref --short HEAD
> git rev-parse Surat-Tugas-Dosen-v0.1
> git rev-parse --symbolic-full-name Surat-Tugas-Dosen-v0.1@{u}
fatal: no upstream configured for branch 'Surat-Tugas-Dosen-v0.1'
> git for-each-ref --format %(refname) %(objectname) --sort -committerdate
> git remote --verbose
> git status -z -u
> git symbolic-ref --short HEAD
> git rev-parse Surat-Tugas-Dosen-v0.1
> git rev-parse --symbolic-full-name Surat-Tugas-Dosen-v0.1@{u}
fatal: no upstream configured for branch 'Surat-Tugas-Dosen-v0.1'
> git for-each-ref --format %(refname) %(objectname) --sort -committerdate
> git remote --verbose
> git status -z -u
> git symbolic-ref --short HEAD
> git rev-parse Surat-Tugas-Dosen-v0.1
> git rev-parse --symbolic-full-name Surat-Tugas-Dosen-v0.1@{u}
fatal: no upstream configured for branch 'Surat-Tugas-Dosen-v0.1'
> git for-each-ref --format %(refname) %(objectname) --sort -committerdate
> git remote --verbose
> git status -z -u
> git symbolic-ref --short HEAD
> git rev-parse Surat-Tugas-Dosen-v0.1
> git rev-parse --symbolic-full-name Surat-Tugas-Dosen-v0.1@{u}
fatal: no upstream configured for branch 'Surat-Tugas-Dosen-v0.1'
> git for-each-ref --format %(refname) %(objectname) --sort -committerdate
> git remote --verbose
> git status -z -u
> git symbolic-ref --short HEAD
> git rev-parse Surat-Tugas-Dosen-v0.1
> git rev-parse --symbolic-full-name Surat-Tugas-Dosen-v0.1@{u}
fatal: no upstream configured for branch 'Surat-Tugas-Dosen-v0.1'
> git for-each-ref --format %(refname) %(objectname) --sort -committerdate
> git remote --verbose
> git status -z -u
> git symbolic-ref --short HEAD
> git rev-parse Surat-Tugas-Dosen-v0.1
> git rev-parse --symbolic-full-name Surat-Tugas-Dosen-v0.1@{u}
fatal: no upstream configured for branch 'Surat-Tugas-Dosen-v0.1'
> git for-each-ref --format %(refname) %(objectname) --sort -committerdate
> git remote --verbose
> git status -z -u
> git symbolic-ref --short HEAD
> git rev-parse Surat-Tugas-Dosen-v0.1
> git rev-parse --symbolic-full-name Surat-Tugas-Dosen-v0.1@{u}
fatal: no upstream configured for branch 'Surat-Tugas-Dosen-v0.1'
> git for-each-ref --format %(refname) %(objectname) --sort -committerdate
> git remote --verbose
> git status -z -u
> git symbolic-ref --short HEAD
> git rev-parse Surat-Tugas-Dosen-v0.1
> git rev-parse --symbolic-full-name Surat-Tugas-Dosen-v0.1@{u}
fatal: no upstream configured for branch 'Surat-Tugas-Dosen-v0.1'
> git for-each-ref --format %(refname) %(objectname) --sort -committerdate
> git remote --verbose
> git status -z -u
> git symbolic-ref --short HEAD
> git rev-parse Surat-Tugas-Dosen-v0.1
> git rev-parse --symbolic-full-name Surat-Tugas-Dosen-v0.1@{u}
fatal: no upstream configured for branch 'Surat-Tugas-Dosen-v0.1'
> git for-each-ref --format %(refname) %(objectname) --sort -committerdate
> git remote --verbose
> git status -z -u
> git symbolic-ref --short HEAD
> git rev-parse Surat-Tugas-Dosen-v0.1
> git rev-parse --symbolic-full-name Surat-Tugas-Dosen-v0.1@{u}
fatal: no upstream configured for branch 'Surat-Tugas-Dosen-v0.1'
> git for-each-ref --format %(refname) %(objectname) --sort -committerdate
> git remote --verbose
> git status -z -u
> git symbolic-ref --short HEAD
> git rev-parse Surat-Tugas-Dosen-v0.1
> git rev-parse --symbolic-full-name Surat-Tugas-Dosen-v0.1@{u}
fatal: no upstream configured for branch 'Surat-Tugas-Dosen-v0.1'
> git for-each-ref --format %(refname) %(objectname) --sort -committerdate
> git remote --verbose
> git status -z -u
> git symbolic-ref --short HEAD
> git rev-parse Surat-Tugas-Dosen-v0.1
> git rev-parse --symbolic-full-name Surat-Tugas-Dosen-v0.1@{u}
fatal: no upstream configured for branch 'Surat-Tugas-Dosen-v0.1'
> git for-each-ref --format %(refname) %(objectname) --sort -committerdate
> git remote --verbose
> git push -u origin Surat-Tugas-Dosen-v0.1
remote: Anonymous access to Zakcrust/Surat-Tugas-Dosen.git denied.
fatal: Authentication failed for 'https://github.com/Zakcrust/Surat-Tugas-Dosen.git/'
> git status -z -u
> git symbolic-ref --short HEAD
> git rev-parse Surat-Tugas-Dosen-v0.1
> git rev-parse --symbolic-full-name Surat-Tugas-Dosen-v0.1@{u}
fatal: no upstream configured for branch 'Surat-Tugas-Dosen-v0.1'
> git for-each-ref --format %(refname) %(objectname) --sort -committerdate
> git remote --verbose
> git status -z -u
> git symbolic-ref --short HEAD
> git rev-parse Surat-Tugas-Dosen-v0.1
> git rev-parse --symbolic-full-name Surat-Tugas-Dosen-v0.1@{u}
fatal: no upstream configured for branch 'Surat-Tugas-Dosen-v0.1'
> git for-each-ref --format %(refname) %(objectname) --sort -committerdate
> git remote --verbose
> git status -z -u
> git symbolic-ref --short HEAD
> git rev-parse Surat-Tugas-Dosen-v0.1
> git rev-parse --symbolic-full-name Surat-Tugas-Dosen-v0.1@{u}
fatal: no upstream configured for branch 'Surat-Tugas-Dosen-v0.1'
> git for-each-ref --format %(refname) %(objectname) --sort -committerdate
> git remote --verbose
> git status -z -u
> git symbolic-ref --short HEAD
> git rev-parse Surat-Tugas-Dosen-v0.1
> git rev-parse --symbolic-full-name Surat-Tugas-Dosen-v0.1@{u}
fatal: no upstream configured for branch 'Surat-Tugas-Dosen-v0.1'
> git for-each-ref --format %(refname) %(objectname) --sort -committerdate
> git remote --verbose
> git status -z -u
> git symbolic-ref --short HEAD
> git rev-parse Surat-Tugas-Dosen-v0.1
> git rev-parse --symbolic-full-name Surat-Tugas-Dosen-v0.1@{u}
fatal: no upstream configured for branch 'Surat-Tugas-Dosen-v0.1'
> git for-each-ref --format %(refname) %(objectname) --sort -committerdate
> git remote --verbose
> git status -z -u
> git symbolic-ref --short HEAD
> git rev-parse Surat-Tugas-Dosen-v0.1
> git rev-parse --symbolic-full-name Surat-Tugas-Dosen-v0.1@{u}
fatal: no upstream configured for branch 'Surat-Tugas-Dosen-v0.1'
> git for-each-ref --format %(refname) %(objectname) --sort -committerdate
> git remote --verbose
> git stash list
> git status -z -u
> git symbolic-ref --short HEAD
> git rev-parse Surat-Tugas-Dosen-v0.1
> git rev-parse --symbolic-full-name Surat-Tugas-Dosen-v0.1@{u}
fatal: no upstream configured for branch 'Surat-Tugas-Dosen-v0.1'
> git for-each-ref --format %(refname) %(objectname) --sort -committerdate
> git remote --verbose
> git status -z -u
> git symbolic-ref --short HEAD
> git rev-parse Surat-Tugas-Dosen-v0.1
> git rev-parse --symbolic-full-name Surat-Tugas-Dosen-v0.1@{u}
fatal: no upstream configured for branch 'Surat-Tugas-Dosen-v0.1'
> git for-each-ref --format %(refname) %(objectname) --sort -committerdate
> git remote --verbose
> git push origin Surat-Tugas-Dosen-v0.1
Everything up-to-date
> git status -z -u
> git symbolic-ref --short HEAD
> git rev-parse Surat-Tugas-Dosen-v0.1
> git rev-parse --symbolic-full-name Surat-Tugas-Dosen-v0.1@{u}
fatal: no upstream configured for branch 'Surat-Tugas-Dosen-v0.1'
> git for-each-ref --format %(refname) %(objectname) --sort -committerdate
> git remote --verbose
> git status -z -u
> git symbolic-ref --short HEAD
> git rev-parse Surat-Tugas-Dosen-v0.1
> git rev-parse --symbolic-full-name Surat-Tugas-Dosen-v0.1@{u}
fatal: no upstream configured for branch 'Surat-Tugas-Dosen-v0.1'
> git for-each-ref --format %(refname) %(objectname) --sort -committerdate
> git remote --verbose
> git status -z -u
> git symbolic-ref --short HEAD
> git rev-parse Surat-Tugas-Dosen-v0.1
> git rev-parse --symbolic-full-name Surat-Tugas-Dosen-v0.1@{u}
fatal: no upstream configured for branch 'Surat-Tugas-Dosen-v0.1'
> git for-each-ref --format %(refname) %(objectname) --sort -committerdate
> git remote --verbose
> git status -z -u
> git symbolic-ref --short HEAD
> git rev-parse Surat-Tugas-Dosen-v0.1
> git rev-parse --symbolic-full-name Surat-Tugas-Dosen-v0.1@{u}
fatal: no upstream configured for branch 'Surat-Tugas-Dosen-v0.1'
> git for-each-ref --format %(refname) %(objectname) --sort -committerdate
> git remote --verbose
> git status -z -u
> git symbolic-ref --short HEAD
> git rev-parse Surat-Tugas-Dosen-v0.1
> git rev-parse --symbolic-full-name Surat-Tugas-Dosen-v0.1@{u}
fatal: no upstream configured for branch 'Surat-Tugas-Dosen-v0.1'
> git for-each-ref --format %(refname) %(objectname) --sort -committerdate
> git remote --verbose
> git status -z -u
> git symbolic-ref --short HEAD
> git rev-parse Surat-Tugas-Dosen-v0.1
> git rev-parse --symbolic-full-name Surat-Tugas-Dosen-v0.1@{u}
fatal: no upstream configured for branch 'Surat-Tugas-Dosen-v0.1'
> git for-each-ref --format %(refname) %(objectname) --sort -committerdate
> git remote --verbose
> git status -z -u
> git symbolic-ref --short HEAD
> git rev-parse Surat-Tugas-Dosen-v0.1
> git rev-parse --symbolic-full-name Surat-Tugas-Dosen-v0.1@{u}
fatal: no upstream configured for branch 'Surat-Tugas-Dosen-v0.1'
> git for-each-ref --format %(refname) %(objectname) --sort -committerdate
> git remote --verbose
> git status -z -u
> git symbolic-ref --short HEAD
> git rev-parse Surat-Tugas-Dosen-v0.1
> git rev-parse --symbolic-full-name Surat-Tugas-Dosen-v0.1@{u}
fatal: no upstream configured for branch 'Surat-Tugas-Dosen-v0.1'
> git for-each-ref --format %(refname) %(objectname) --sort -committerdate
> git remote --verbose
> git status -z -u
> git symbolic-ref --short HEAD
> git rev-parse Surat-Tugas-Dosen-v0.1
> git rev-parse --symbolic-full-name Surat-Tugas-Dosen-v0.1@{u}
fatal: no upstream configured for branch 'Surat-Tugas-Dosen-v0.1'
> git for-each-ref --format %(refname) %(objectname) --sort -committerdate
> git remote --verbose
> git show -s --format=%H
%ae
%P
%B HEAD
> git reset --soft HEAD~
> git status -z -u
> git symbolic-ref --short HEAD
> git rev-parse Surat-Tugas-Dosen-v0.1
> git rev-parse --symbolic-full-name Surat-Tugas-Dosen-v0.1@{u}
fatal: no upstream configured for branch 'Surat-Tugas-Dosen-v0.1'
> git for-each-ref --format %(refname) %(objectname) --sort -committerdate
> git remote --verbose
> git show :application/views/input_mk.php
> git status -z -u
> git symbolic-ref --short HEAD
> git rev-parse Surat-Tugas-Dosen-v0.1
> git rev-parse --symbolic-full-name Surat-Tugas-Dosen-v0.1@{u}
fatal: no upstream configured for branch 'Surat-Tugas-Dosen-v0.1'
> git for-each-ref --format %(refname) %(objectname) --sort -committerdate
> git remote --verbose
> git stash list
> git show :application/views/input_mk.php
> git status -z -u
> git symbolic-ref --short HEAD
> git rev-parse Surat-Tugas-Dosen-v0.1
> git rev-parse --symbolic-full-name Surat-Tugas-Dosen-v0.1@{u}
fatal: no upstream configured for branch 'Surat-Tugas-Dosen-v0.1'
> git for-each-ref --format %(refname) %(objectname) --sort -committerdate
> git remote --verbose
> git checkout -q master
error: Your local changes to the following files would be overwritten by checkout:
	Cache/index-dir/the-real-index
	Cookies
	GPUCache/data_1
	User/workspaceStorage/eeb71ef802dd9f43826618385592083e/state.vscdb
	logs/20190525T114013/exthost1/exthost.log
	logs/20190525T114013/exthost1/output_logging_20190525T114025/1-Git.log
	logs/20190525T114013/sharedprocess.log
Please commit your changes or stash them before you switch branches.
Aborting
> git status -z -u
> git symbolic-ref --short HEAD
> git rev-parse Surat-Tugas-Dosen-v0.1
> git rev-parse --symbolic-full-name Surat-Tugas-Dosen-v0.1@{u}
fatal: no upstream configured for branch 'Surat-Tugas-Dosen-v0.1'
> git for-each-ref --format %(refname) %(objectname) --sort -committerdate
> git remote --verbose
> git status -z -u
> git symbolic-ref --short HEAD
> git rev-parse Surat-Tugas-Dosen-v0.1
> git rev-parse --symbolic-full-name Surat-Tugas-Dosen-v0.1@{u}
fatal: no upstream configured for branch 'Surat-Tugas-Dosen-v0.1'
> git for-each-ref --format %(refname) %(objectname) --sort -committerdate
> git remote --verbose
> git status -z -u
> git symbolic-ref --short HEAD
> git rev-parse Surat-Tugas-Dosen-v0.1
> git rev-parse --symbolic-full-name Surat-Tugas-Dosen-v0.1@{u}
fatal: no upstream configured for branch 'Surat-Tugas-Dosen-v0.1'
> git for-each-ref --format %(refname) %(objectname) --sort -committerdate
> git remote --verbose
> git status -z -u
> git symbolic-ref --short HEAD
> git rev-parse Surat-Tugas-Dosen-v0.1
> git rev-parse --symbolic-full-name Surat-Tugas-Dosen-v0.1@{u}
fatal: no upstream configured for branch 'Surat-Tugas-Dosen-v0.1'
> git for-each-ref --format %(refname) %(objectname) --sort -committerdate
> git remote --verbose
> git ls-tree -l HEAD -- /opt/lampp/htdocs/SuratTugasDosen/logs/20190525T114013/exthost1/output_logging_20190525T114025/1-Git.log
> git show 33c578e35ae70be614705e36308b6bae91330a74
> git show HEAD:logs/20190525T114013/exthost1/output_logging_20190525T114025/1-Git.log
> git ls-tree -l HEAD -- /opt/lampp/htdocs/SuratTugasDosen/logs/20190525T114013/sharedprocess.log
> git show cf89020891f13f3f69894c764bce79faeda95c70
> git show HEAD:logs/20190525T114013/sharedprocess.log
> git ls-tree -l HEAD -- /opt/lampp/htdocs/SuratTugasDosen/Cache/index-dir/the-real-index
> git show 23e67d28f82934833721765b22e77de12ddba020
> git ls-tree -l HEAD -- /opt/lampp/htdocs/SuratTugasDosen/Cookies
> git show 631def0328e9e24930facaf73c9736b0a189f408
> git ls-tree -l HEAD -- /opt/lampp/htdocs/SuratTugasDosen/User/workspaceStorage/eeb71ef802dd9f43826618385592083e/state.vscdb
> git show bf3b064c79fc998d1cef81774c19f444cfd1aabf
> git status -z -u
> git symbolic-ref --short HEAD
> git rev-parse Surat-Tugas-Dosen-v0.1
> git rev-parse --symbolic-full-name Surat-Tugas-Dosen-v0.1@{u}
fatal: no upstream configured for branch 'Surat-Tugas-Dosen-v0.1'
> git for-each-ref --format %(refname) %(objectname) --sort -committerdate
> git remote --verbose
> git status -z -u
> git symbolic-ref --short HEAD
> git rev-parse Surat-Tugas-Dosen-v0.1
> git rev-parse --symbolic-full-name Surat-Tugas-Dosen-v0.1@{u}
fatal: no upstream configured for branch 'Surat-Tugas-Dosen-v0.1'
> git for-each-ref --format %(refname) %(objectname) --sort -committerdate
> git remote --verbose
> git add -A -- .
