[2019-05-23 23:24:45.647] [exthost] [info] extension host started
[2019-05-23 23:24:45.683] [exthost] [info] ExtensionService#_doActivateExtension vscode.php-language-features {"startup":false,"activationEvent":"onLanguage:php"}
[2019-05-23 23:24:45.683] [exthost] [info] ExtensionService#loadCommonJSModule /usr/share/code/resources/app/extensions/php-language-features/dist/phpMain
[2019-05-23 23:24:45.704] [exthost] [info] ExtensionService#_doActivateExtension bmewburn.vscode-intelephense-client {"startup":false,"activationEvent":"onLanguage:php"}
[2019-05-23 23:24:45.704] [exthost] [info] ExtensionService#loadCommonJSModule /home/zak/.vscode/extensions/bmewburn.vscode-intelephense-client-1.0.14/out/extension
[2019-05-23 23:24:45.830] [exthost] [info] ExtensionService#_doActivateExtension felixfbecker.php-intellisense {"startup":false,"activationEvent":"onLanguage:php"}
[2019-05-23 23:24:45.830] [exthost] [info] ExtensionService#loadCommonJSModule /home/zak/.vscode/extensions/felixfbecker.php-intellisense-2.3.10/out/extension
[2019-05-23 23:24:45.943] [exthost] [info] ExtensionService#_doActivateExtension vscode.debug-auto-launch {"startup":true,"activationEvent":"*"}
[2019-05-23 23:24:45.943] [exthost] [info] ExtensionService#loadCommonJSModule /usr/share/code/resources/app/extensions/debug-auto-launch/dist/extension
[2019-05-23 23:24:45.947] [exthost] [info] ExtensionService#_doActivateExtension vscode.emmet {"startup":true,"activationEvent":"*"}
[2019-05-23 23:24:45.947] [exthost] [info] ExtensionService#loadCommonJSModule /usr/share/code/resources/app/extensions/emmet/dist/extension
[2019-05-23 23:24:45.975] [exthost] [info] ExtensionService#_doActivateExtension vscode.git {"startup":true,"activationEvent":"*"}
[2019-05-23 23:24:45.975] [exthost] [info] ExtensionService#loadCommonJSModule /usr/share/code/resources/app/extensions/git/dist/main
[2019-05-23 23:24:46.127] [exthost] [info] ExtensionService#_doActivateExtension vscode.merge-conflict {"startup":true,"activationEvent":"*"}
[2019-05-23 23:24:46.127] [exthost] [info] ExtensionService#loadCommonJSModule /usr/share/code/resources/app/extensions/merge-conflict/dist/extension
[2019-05-23 23:24:46.134] [exthost] [info] ExtensionService#_doActivateExtension beeware.beeware {"startup":true,"activationEvent":"*"}
[2019-05-23 23:24:46.134] [exthost] [info] ExtensionService#loadCommonJSModule /home/zak/.vscode/extensions/beeware.beeware-0.0.1/out/src/extension
[2019-05-23 23:24:46.353] [exthost] [info] ExtensionService#_doActivateExtension jarrio.hxmanager {"startup":true,"activationEvent":"*"}
[2019-05-23 23:24:46.353] [exthost] [info] ExtensionService#loadCommonJSModule /home/zak/.vscode/extensions/jarrio.hxmanager-0.4.5/main
[2019-05-23 23:24:46.360] [exthost] [info] ExtensionService#_doActivateExtension ms-vscode.atom-keybindings {"startup":true,"activationEvent":"*"}
[2019-05-23 23:24:46.360] [exthost] [info] ExtensionService#loadCommonJSModule /home/zak/.vscode/extensions/ms-vscode.atom-keybindings-3.0.6/extension
[2019-05-23 23:24:46.363] [exthost] [info] ExtensionService#_doActivateExtension vshaxe.hxcpp-debugger {"startup":true,"activationEvent":"*"}
[2019-05-23 23:24:46.363] [exthost] [info] ExtensionService#loadCommonJSModule /home/zak/.vscode/extensions/vshaxe.hxcpp-debugger-1.2.4/bin/extension.js
[2019-05-23 23:24:46.364] [exthost] [info] ExtensionService#_doActivateExtension Zignd.html-css-class-completion {"startup":true,"activationEvent":"*"}
[2019-05-23 23:24:46.364] [exthost] [info] ExtensionService#loadCommonJSModule /home/zak/.vscode/extensions/zignd.html-css-class-completion-1.19.0/out/src/extension
[2019-05-23 23:24:47.270] [exthost] [info] ExtensionService#_doActivateExtension nadako.vshaxe {"startup":true,"activationEvent":"workspaceContains:./*.hxml"}
[2019-05-23 23:24:47.270] [exthost] [info] ExtensionService#loadCommonJSModule /home/zak/.vscode/extensions/nadako.vshaxe-2.11.0/bin/client.js
[2019-05-23 23:24:50.446] [exthost] [info] eager extensions activated
[2019-05-23 23:25:58.863] [exthost] [info] ExtensionService#_doActivateExtension vscode.configuration-editing {"startup":false,"activationEvent":"onLanguage:jsonc"}
[2019-05-23 23:25:58.863] [exthost] [info] ExtensionService#loadCommonJSModule /usr/share/code/resources/app/extensions/configuration-editing/dist/extension
[2019-05-23 23:25:58.927] [exthost] [info] ExtensionService#_doActivateExtension vscode.json-language-features {"startup":false,"activationEvent":"onLanguage:jsonc"}
[2019-05-23 23:25:58.927] [exthost] [info] ExtensionService#loadCommonJSModule /usr/share/code/resources/app/extensions/json-language-features/client/dist/jsonMain
[2019-05-23 23:25:59.150] [exthost] [info] ExtensionService#_doActivateExtension vscode.typescript-language-features {"startup":false,"activationEvent":"onLanguage:jsonc"}
[2019-05-23 23:25:59.150] [exthost] [info] ExtensionService#loadCommonJSModule /usr/share/code/resources/app/extensions/typescript-language-features/dist/extension
[2019-05-23 23:26:29.114] [exthost] [info] ExtensionService#_doActivateExtension vscode.html-language-features {"startup":false,"activationEvent":"onLanguage:html"}
[2019-05-23 23:26:29.114] [exthost] [info] ExtensionService#loadCommonJSModule /usr/share/code/resources/app/extensions/html-language-features/client/dist/htmlMain
[2019-05-23 23:26:47.577] [exthost] [info] ExtensionService#_doActivateExtension vscode.extension-editing {"startup":false,"activationEvent":"onLanguage:json"}
[2019-05-23 23:26:47.577] [exthost] [info] ExtensionService#loadCommonJSModule /usr/share/code/resources/app/extensions/extension-editing/dist/extension
[2019-05-23 23:26:47.672] [exthost] [info] ExtensionService#_doActivateExtension vscode.npm {"startup":false,"activationEvent":"onLanguage:json"}
[2019-05-23 23:26:47.672] [exthost] [info] ExtensionService#loadCommonJSModule /usr/share/code/resources/app/extensions/npm/dist/main
