[2019-05-21 20:40:14.486] [exthost] [info] extension host started
[2019-05-21 20:40:14.514] [exthost] [info] ExtensionService#_doActivateExtension vscode.debug-auto-launch {"startup":true,"activationEvent":"*"}
[2019-05-21 20:40:14.514] [exthost] [info] ExtensionService#loadCommonJSModule /usr/share/code/resources/app/extensions/debug-auto-launch/dist/extension
[2019-05-21 20:40:14.518] [exthost] [info] ExtensionService#_doActivateExtension vscode.emmet {"startup":true,"activationEvent":"*"}
[2019-05-21 20:40:14.518] [exthost] [info] ExtensionService#loadCommonJSModule /usr/share/code/resources/app/extensions/emmet/dist/extension
[2019-05-21 20:40:14.535] [exthost] [info] ExtensionService#_doActivateExtension vscode.git {"startup":true,"activationEvent":"*"}
[2019-05-21 20:40:14.535] [exthost] [info] ExtensionService#loadCommonJSModule /usr/share/code/resources/app/extensions/git/dist/main
[2019-05-21 20:40:14.644] [exthost] [info] ExtensionService#_doActivateExtension vscode.merge-conflict {"startup":true,"activationEvent":"*"}
[2019-05-21 20:40:14.644] [exthost] [info] ExtensionService#loadCommonJSModule /usr/share/code/resources/app/extensions/merge-conflict/dist/extension
[2019-05-21 20:40:14.649] [exthost] [info] ExtensionService#_doActivateExtension beeware.beeware {"startup":true,"activationEvent":"*"}
[2019-05-21 20:40:14.649] [exthost] [info] ExtensionService#loadCommonJSModule /home/zak/.vscode/extensions/beeware.beeware-0.0.1/out/src/extension
[2019-05-21 20:40:14.810] [exthost] [info] ExtensionService#_doActivateExtension jarrio.hxmanager {"startup":true,"activationEvent":"*"}
[2019-05-21 20:40:14.810] [exthost] [info] ExtensionService#loadCommonJSModule /home/zak/.vscode/extensions/jarrio.hxmanager-0.4.5/main
[2019-05-21 20:40:14.817] [exthost] [info] ExtensionService#_doActivateExtension ms-vscode.atom-keybindings {"startup":true,"activationEvent":"*"}
[2019-05-21 20:40:14.817] [exthost] [info] ExtensionService#loadCommonJSModule /home/zak/.vscode/extensions/ms-vscode.atom-keybindings-3.0.6/extension
[2019-05-21 20:40:14.818] [exthost] [info] ExtensionService#_doActivateExtension vshaxe.hxcpp-debugger {"startup":true,"activationEvent":"*"}
[2019-05-21 20:40:14.818] [exthost] [info] ExtensionService#loadCommonJSModule /home/zak/.vscode/extensions/vshaxe.hxcpp-debugger-1.2.4/bin/extension.js
[2019-05-21 20:40:14.819] [exthost] [info] ExtensionService#_doActivateExtension Zignd.html-css-class-completion {"startup":true,"activationEvent":"*"}
[2019-05-21 20:40:14.819] [exthost] [info] ExtensionService#loadCommonJSModule /home/zak/.vscode/extensions/zignd.html-css-class-completion-1.19.0/out/src/extension
[2019-05-21 20:40:15.138] [exthost] [info] eager extensions activated
[2019-05-21 20:40:20.667] [exthost] [info] ExtensionService#_doActivateExtension vscode.configuration-editing {"startup":false,"activationEvent":"onLanguage:jsonc"}
[2019-05-21 20:40:20.667] [exthost] [info] ExtensionService#loadCommonJSModule /usr/share/code/resources/app/extensions/configuration-editing/dist/extension
[2019-05-21 20:40:20.679] [exthost] [info] ExtensionService#_doActivateExtension vscode.json-language-features {"startup":false,"activationEvent":"onLanguage:jsonc"}
[2019-05-21 20:40:20.679] [exthost] [info] ExtensionService#loadCommonJSModule /usr/share/code/resources/app/extensions/json-language-features/client/dist/jsonMain
[2019-05-21 20:40:20.793] [exthost] [info] ExtensionService#_doActivateExtension vscode.typescript-language-features {"startup":false,"activationEvent":"onLanguage:jsonc"}
[2019-05-21 20:40:20.793] [exthost] [info] ExtensionService#loadCommonJSModule /usr/share/code/resources/app/extensions/typescript-language-features/dist/extension
[2019-05-21 20:41:00.258] [exthost] [info] extension host started
[2019-05-21 20:41:00.285] [exthost] [info] ExtensionService#_doActivateExtension vscode.debug-auto-launch {"startup":true,"activationEvent":"*"}
[2019-05-21 20:41:00.285] [exthost] [info] ExtensionService#loadCommonJSModule /usr/share/code/resources/app/extensions/debug-auto-launch/dist/extension
[2019-05-21 20:41:00.289] [exthost] [info] ExtensionService#_doActivateExtension vscode.emmet {"startup":true,"activationEvent":"*"}
[2019-05-21 20:41:00.289] [exthost] [info] ExtensionService#loadCommonJSModule /usr/share/code/resources/app/extensions/emmet/dist/extension
[2019-05-21 20:41:00.308] [exthost] [info] ExtensionService#_doActivateExtension vscode.git {"startup":true,"activationEvent":"*"}
[2019-05-21 20:41:00.308] [exthost] [info] ExtensionService#loadCommonJSModule /usr/share/code/resources/app/extensions/git/dist/main
[2019-05-21 20:41:00.425] [exthost] [info] ExtensionService#_doActivateExtension vscode.merge-conflict {"startup":true,"activationEvent":"*"}
[2019-05-21 20:41:00.425] [exthost] [info] ExtensionService#loadCommonJSModule /usr/share/code/resources/app/extensions/merge-conflict/dist/extension
[2019-05-21 20:41:00.430] [exthost] [info] ExtensionService#_doActivateExtension beeware.beeware {"startup":true,"activationEvent":"*"}
[2019-05-21 20:41:00.430] [exthost] [info] ExtensionService#loadCommonJSModule /home/zak/.vscode/extensions/beeware.beeware-0.0.1/out/src/extension
[2019-05-21 20:41:00.589] [exthost] [info] ExtensionService#_doActivateExtension jarrio.hxmanager {"startup":true,"activationEvent":"*"}
[2019-05-21 20:41:00.589] [exthost] [info] ExtensionService#loadCommonJSModule /home/zak/.vscode/extensions/jarrio.hxmanager-0.4.5/main
[2019-05-21 20:41:00.597] [exthost] [info] ExtensionService#_doActivateExtension ms-vscode.atom-keybindings {"startup":true,"activationEvent":"*"}
[2019-05-21 20:41:00.597] [exthost] [info] ExtensionService#loadCommonJSModule /home/zak/.vscode/extensions/ms-vscode.atom-keybindings-3.0.6/extension
[2019-05-21 20:41:00.598] [exthost] [info] ExtensionService#_doActivateExtension vshaxe.hxcpp-debugger {"startup":true,"activationEvent":"*"}
[2019-05-21 20:41:00.598] [exthost] [info] ExtensionService#loadCommonJSModule /home/zak/.vscode/extensions/vshaxe.hxcpp-debugger-1.2.4/bin/extension.js
[2019-05-21 20:41:00.598] [exthost] [info] ExtensionService#_doActivateExtension Zignd.html-css-class-completion {"startup":true,"activationEvent":"*"}
[2019-05-21 20:41:00.598] [exthost] [info] ExtensionService#loadCommonJSModule /home/zak/.vscode/extensions/zignd.html-css-class-completion-1.19.0/out/src/extension
[2019-05-21 20:41:00.927] [exthost] [info] ExtensionService#_doActivateExtension vscode.configuration-editing {"startup":false,"activationEvent":"onLanguage:jsonc"}
[2019-05-21 20:41:00.927] [exthost] [info] ExtensionService#loadCommonJSModule /usr/share/code/resources/app/extensions/configuration-editing/dist/extension
[2019-05-21 20:41:00.934] [exthost] [info] ExtensionService#_doActivateExtension vscode.json-language-features {"startup":false,"activationEvent":"onLanguage:jsonc"}
[2019-05-21 20:41:00.934] [exthost] [info] ExtensionService#loadCommonJSModule /usr/share/code/resources/app/extensions/json-language-features/client/dist/jsonMain
[2019-05-21 20:41:01.008] [exthost] [info] ExtensionService#_doActivateExtension vscode.typescript-language-features {"startup":false,"activationEvent":"onLanguage:jsonc"}
[2019-05-21 20:41:01.008] [exthost] [info] ExtensionService#loadCommonJSModule /usr/share/code/resources/app/extensions/typescript-language-features/dist/extension
[2019-05-21 20:41:01.508] [exthost] [info] ExtensionService#_doActivateExtension felixfbecker.php-intellisense {"startup":true,"activationEvent":"workspaceContains:**/*.php"}
[2019-05-21 20:41:01.508] [exthost] [info] ExtensionService#loadCommonJSModule /home/zak/.vscode/extensions/felixfbecker.php-intellisense-2.3.10/out/extension
[2019-05-21 20:41:01.616] [exthost] [info] ExtensionService#_doActivateExtension nadako.vshaxe {"startup":true,"activationEvent":"workspaceContains:./*.hxml"}
[2019-05-21 20:41:01.616] [exthost] [info] ExtensionService#loadCommonJSModule /home/zak/.vscode/extensions/nadako.vshaxe-2.11.0/bin/client.js
[2019-05-21 20:41:10.712] [exthost] [info] ExtensionService#_doActivateExtension vscode.php-language-features {"startup":false,"activationEvent":"onLanguage:php"}
[2019-05-21 20:41:10.712] [exthost] [info] ExtensionService#loadCommonJSModule /usr/share/code/resources/app/extensions/php-language-features/dist/phpMain
[2019-05-21 20:41:10.729] [exthost] [info] ExtensionService#_doActivateExtension bmewburn.vscode-intelephense-client {"startup":false,"activationEvent":"onLanguage:php"}
[2019-05-21 20:41:10.729] [exthost] [info] ExtensionService#loadCommonJSModule /home/zak/.vscode/extensions/bmewburn.vscode-intelephense-client-1.0.14/out/extension
[2019-05-21 20:44:09.277] [exthost] [info] ExtensionService#_doActivateExtension vscode.html-language-features {"startup":false,"activationEvent":"onLanguage:html"}
[2019-05-21 20:44:09.277] [exthost] [info] ExtensionService#loadCommonJSModule /usr/share/code/resources/app/extensions/html-language-features/client/dist/htmlMain
